2022-08-25 09:08:12.754 [DEBU] {88a6a1831f710e176f1125693fa25e2d} [ 40 ms] [default] [rows:13 ] SHOW FULL COLUMNS FROM `eventsmall`
2022-08-25 09:08:12.793 [DEBU] {88a6a1831f710e176f1125693fa25e2d} [ 38 ms] [default] [rows:26 ] SELECT `eventId`,`event_time`,`event_type`,`event_description`,`trigger_type`,`vehicle_number`,`vehicle_model`,`slice_url`,`slice_name`,`slice_size`,`slice_md5`,`start_time`,`duration` FROM `eventsmall` ORDER BY `event_time`
2022-08-25 09:08:22.325 [DEBU] {2c0896be21710e177011256957ce66ec} [ 34 ms] [default] [rows:26 ] SELECT `eventId`,`event_time`,`event_type`,`event_description`,`trigger_type`,`vehicle_number`,`vehicle_model`,`slice_url`,`slice_name`,`slice_size`,`slice_md5`,`start_time`,`duration` FROM `eventsmall` ORDER BY `event_time`
2022-08-25 09:08:24.920 [DEBU] {5867bd5622710e1771112569f254c9b8} [ 76 ms] [default] [rows:26 ] SELECT `eventId`,`event_time`,`event_type`,`event_description`,`trigger_type`,`vehicle_number`,`vehicle_model`,`slice_url`,`slice_name`,`slice_size`,`slice_md5`,`start_time`,`duration` FROM `eventsmall` ORDER BY `event_time`
2022-08-25 09:08:25.494 [DEBU] {9806d37a22710e177211256966aec838} [ 44 ms] [default] [rows:26 ] SELECT `eventId`,`event_time`,`event_type`,`event_description`,`trigger_type`,`vehicle_number`,`vehicle_model`,`slice_url`,`slice_name`,`slice_size`,`slice_md5`,`start_time`,`duration` FROM `eventsmall` ORDER BY `event_time`
2022-08-25 09:08:26.096 [DEBU] {288a739e22710e177311256970f1c613} [ 49 ms] [default] [rows:26 ] SELECT `eventId`,`event_time`,`event_type`,`event_description`,`trigger_type`,`vehicle_number`,`vehicle_model`,`slice_url`,`slice_name`,`slice_size`,`slice_md5`,`start_time`,`duration` FROM `eventsmall` ORDER BY `event_time`
2022-08-25 09:08:26.723 [DEBU] {dc408ec322710e1774112569659fed76} [ 54 ms] [default] [rows:26 ] SELECT `eventId`,`event_time`,`event_type`,`event_description`,`trigger_type`,`vehicle_number`,`vehicle_model`,`slice_url`,`slice_name`,`slice_size`,`slice_md5`,`start_time`,`duration` FROM `eventsmall` ORDER BY `event_time`
2022-08-25 09:08:31.064 [DEBU] {183f01c523710e1775112569405ccd01} [ 75 ms] [default] [rows:26 ] SELECT `eventId`,`event_time`,`event_type`,`event_description`,`trigger_type`,`vehicle_number`,`vehicle_model`,`slice_url`,`slice_name`,`slice_size`,`slice_md5`,`start_time`,`duration` FROM `eventsmall` ORDER BY `event_time`
2022-08-25 09:11:58.333 [DEBU] {746b130954710e17761125691af21caa} [ 44 ms] [default] [rows:26 ] SELECT `eventId`,`event_time`,`event_type`,`event_description`,`trigger_type`,`vehicle_number`,`vehicle_model`,`slice_url`,`slice_name`,`slice_size`,`slice_md5`,`start_time`,`duration` FROM `eventsmall` ORDER BY `event_time`
2022-08-25 09:17:47.848 [DEBU] {90bd9d69a5710e17771125697a5f9766} [ 47 ms] [default] [rows:26 ] SELECT `eventId`,`event_time`,`event_type`,`event_description`,`trigger_type`,`vehicle_number`,`vehicle_model`,`slice_url`,`slice_name`,`slice_size`,`slice_md5`,`start_time`,`duration` FROM `eventsmall`
2022-08-25 09:17:50.291 [DEBU] {18d652faa5710e1778112569ba719332} [ 62 ms] [default] [rows:26 ] SELECT `eventId`,`event_time`,`event_type`,`event_description`,`trigger_type`,`vehicle_number`,`vehicle_model`,`slice_url`,`slice_name`,`slice_size`,`slice_md5`,`start_time`,`duration` FROM `eventsmall`
2022-08-25 09:18:19.273 [DEBU] {d42c65baac710e1779112569b0c54b16} [ 52 ms] [default] [rows:26 ] SELECT `eventId`,`event_time`,`event_type`,`event_description`,`trigger_type`,`vehicle_number`,`vehicle_model`,`slice_url`,`slice_name`,`slice_size`,`slice_md5`,`start_time`,`duration` FROM `eventsmall`
2022-08-25 09:18:24.303 [DEBU] {747a63e6ad710e177a11256956f85ad5} [ 49 ms] [default] [rows:26 ] SELECT `eventId`,`event_time`,`event_type`,`event_description`,`trigger_type`,`vehicle_number`,`vehicle_model`,`slice_url`,`slice_name`,`slice_size`,`slice_md5`,`start_time`,`duration` FROM `eventsmall`
2022-08-25 09:18:31.033 [DEBU] {8cf4cb76af710e177b112569719fe0d2} [ 60 ms] [default] [rows:26 ] SELECT `eventId`,`event_time`,`event_type`,`event_description`,`trigger_type`,`vehicle_number`,`vehicle_model`,`slice_url`,`slice_name`,`slice_size`,`slice_md5`,`start_time`,`duration` FROM `eventsmall`
2022-08-25 09:43:04.981 [DEBU] {580159a406730e1746db7050853e3184} [ 70 ms] [default] [rows:13 ] SHOW FULL COLUMNS FROM `eventsmall`
2022-08-25 09:43:05.051 [DEBU] {580159a406730e1746db7050853e3184} [ 66 ms] [default] [rows:26 ] SELECT `eventId`,`event_time`,`event_type`,`event_description`,`trigger_type`,`vehicle_number`,`vehicle_model`,`slice_url`,`slice_name`,`slice_size`,`slice_md5`,`start_time`,`duration` FROM `eventsmall`
2022-08-25 09:43:35.929 [DEBU] {5c37f0da0d730e1747db7050b2d0f73b} [ 38 ms] [default] [rows:26 ] SELECT `eventId`,`event_time`,`event_type`,`event_description`,`trigger_type`,`vehicle_number`,`vehicle_model`,`slice_url`,`slice_name`,`slice_size`,`slice_md5`,`start_time`,`duration` FROM `eventsmall`
2022-08-25 09:46:11.623 [DEBU] {5807451832730e1748db7050abdecebb} [ 83 ms] [default] [rows:26 ] SELECT `eventId`,`event_time`,`event_type`,`event_description`,`trigger_type`,`vehicle_number`,`vehicle_model`,`slice_url`,`slice_name`,`slice_size`,`slice_md5`,`start_time`,`duration` FROM `eventsmall`
2022-08-25 09:46:58.449 [DEBU] {bcfe0bff3c730e1749db70505317934e} [ 88 ms] [default] [rows:26 ] SELECT `eventId`,`event_time`,`event_type`,`event_description`,`trigger_type`,`vehicle_number`,`vehicle_model`,`slice_url`,`slice_name`,`slice_size`,`slice_md5`,`start_time`,`duration` FROM `eventsmall`
2022-08-25 09:47:01.539 [DEBU] {848240ba3d730e174adb70505097934c} [ 38 ms] [default] [rows:26 ] SELECT `eventId`,`event_time`,`event_type`,`event_description`,`trigger_type`,`vehicle_number`,`vehicle_model`,`slice_url`,`slice_name`,`slice_size`,`slice_md5`,`start_time`,`duration` FROM `eventsmall`
2022-08-25 09:47:04.205 [DEBU] {0c5fab583e730e174bdb7050c2857dfd} [ 46 ms] [default] [rows:26 ] SELECT `eventId`,`event_time`,`event_type`,`event_description`,`trigger_type`,`vehicle_number`,`vehicle_model`,`slice_url`,`slice_name`,`slice_size`,`slice_md5`,`start_time`,`duration` FROM `eventsmall`
2022-08-25 09:47:05.296 [DEBU] {ccc6f6993e730e174cdb70505c84c7d5} [ 42 ms] [default] [rows:26 ] SELECT `eventId`,`event_time`,`event_type`,`event_description`,`trigger_type`,`vehicle_number`,`vehicle_model`,`slice_url`,`slice_name`,`slice_size`,`slice_md5`,`start_time`,`duration` FROM `eventsmall`
2022-08-25 09:47:07.664 [DEBU] {18265a263f730e174ddb7050e741073b} [ 54 ms] [default] [rows:26 ] SELECT `eventId`,`event_time`,`event_type`,`event_description`,`trigger_type`,`vehicle_number`,`vehicle_model`,`slice_url`,`slice_name`,`slice_size`,`slice_md5`,`start_time`,`duration` FROM `eventsmall`
2022-08-25 09:47:08.362 [DEBU] {ace1f3503f730e174edb7050f8d5ba4c} [ 37 ms] [default] [rows:26 ] SELECT `eventId`,`event_time`,`event_type`,`event_description`,`trigger_type`,`vehicle_number`,`vehicle_model`,`slice_url`,`slice_name`,`slice_size`,`slice_md5`,`start_time`,`duration` FROM `eventsmall`
2022-08-25 09:47:10.963 [DEBU] {d0e76feb3f730e174fdb7050de8084e0} [ 46 ms] [default] [rows:26 ] SELECT `eventId`,`event_time`,`event_type`,`event_description`,`trigger_type`,`vehicle_number`,`vehicle_model`,`slice_url`,`slice_name`,`slice_size`,`slice_md5`,`start_time`,`duration` FROM `eventsmall`
2022-08-25 09:47:16.725 [DEBU] {b03a7b4241730e1750db70503f7c3f0b} [ 54 ms] [default] [rows:26 ] SELECT `eventId`,`event_time`,`event_type`,`event_description`,`trigger_type`,`vehicle_number`,`vehicle_model`,`slice_url`,`slice_name`,`slice_size`,`slice_md5`,`start_time`,`duration` FROM `eventsmall`
2022-08-25 09:47:54.844 [DEBU] {88e847234a730e1751db7050bbe8cbb7} [ 41 ms] [default] [rows:26 ] SELECT `eventId`,`event_time`,`event_type`,`event_description`,`trigger_type`,`vehicle_number`,`vehicle_model`,`slice_url`,`slice_name`,`slice_size`,`slice_md5`,`start_time`,`duration` FROM `eventsmall`
2022-08-25 09:47:56.888 [DEBU] {ec2a239c4a730e1752db705040a75c28} [ 57 ms] [default] [rows:26 ] SELECT `eventId`,`event_time`,`event_type`,`event_description`,`trigger_type`,`vehicle_number`,`vehicle_model`,`slice_url`,`slice_name`,`slice_size`,`slice_md5`,`start_time`,`duration` FROM `eventsmall`
2022-08-25 09:48:00.139 [DEBU] {bc50ac5d4b730e1753db70506cdd6390} [ 61 ms] [default] [rows:26 ] SELECT `eventId`,`event_time`,`event_type`,`event_description`,`trigger_type`,`vehicle_number`,`vehicle_model`,`slice_url`,`slice_name`,`slice_size`,`slice_md5`,`start_time`,`duration` FROM `eventsmall`
2022-08-25 09:48:02.286 [DEBU] {1ceceedd4b730e1754db705003938768} [ 57 ms] [default] [rows:26 ] SELECT `eventId`,`event_time`,`event_type`,`event_description`,`trigger_type`,`vehicle_number`,`vehicle_model`,`slice_url`,`slice_name`,`slice_size`,`slice_md5`,`start_time`,`duration` FROM `eventsmall`
2022-08-25 09:48:05.567 [DEBU] {90aa9a9f4c730e1755db70502fb48976} [ 89 ms] [default] [rows:26 ] SELECT `eventId`,`event_time`,`event_type`,`event_description`,`trigger_type`,`vehicle_number`,`vehicle_model`,`slice_url`,`slice_name`,`slice_size`,`slice_md5`,`start_time`,`duration` FROM `eventsmall`
2022-08-25 09:48:08.494 [DEBU] {94c671484d730e1756db70500cf5e267} [183 ms] [default] [rows:26 ] SELECT `eventId`,`event_time`,`event_type`,`event_description`,`trigger_type`,`vehicle_number`,`vehicle_model`,`slice_url`,`slice_name`,`slice_size`,`slice_md5`,`start_time`,`duration` FROM `eventsmall`
2022-08-25 09:48:10.388 [DEBU] {401b7fbc4d730e1757db70507c711b0b} [129 ms] [default] [rows:26 ] SELECT `eventId`,`event_time`,`event_type`,`event_description`,`trigger_type`,`vehicle_number`,`vehicle_model`,`slice_url`,`slice_name`,`slice_size`,`slice_md5`,`start_time`,`duration` FROM `eventsmall`
2022-08-25 09:48:11.112 [DEBU] {08d275ec4d730e1758db7050a35849ca} [ 49 ms] [default] [rows:26 ] SELECT `eventId`,`event_time`,`event_type`,`event_description`,`trigger_type`,`vehicle_number`,`vehicle_model`,`slice_url`,`slice_name`,`slice_size`,`slice_md5`,`start_time`,`duration` FROM `eventsmall`
2022-08-25 09:48:11.850 [DEBU] {e8aba9174e730e1759db7050966bba5d} [ 63 ms] [default] [rows:26 ] SELECT `eventId`,`event_time`,`event_type`,`event_description`,`trigger_type`,`vehicle_number`,`vehicle_model`,`slice_url`,`slice_name`,`slice_size`,`slice_md5`,`start_time`,`duration` FROM `eventsmall`
2022-08-25 09:48:12.685 [DEBU] {747e0e4a4e730e175adb7050f2dbbbea} [ 52 ms] [default] [rows:26 ] SELECT `eventId`,`event_time`,`event_type`,`event_description`,`trigger_type`,`vehicle_number`,`vehicle_model`,`slice_url`,`slice_name`,`slice_size`,`slice_md5`,`start_time`,`duration` FROM `eventsmall`
2022-08-25 09:48:13.161 [DEBU] {288203664e730e175bdb7050960aec10} [ 59 ms] [default] [rows:26 ] SELECT `eventId`,`event_time`,`event_type`,`event_description`,`trigger_type`,`vehicle_number`,`vehicle_model`,`slice_url`,`slice_name`,`slice_size`,`slice_md5`,`start_time`,`duration` FROM `eventsmall`
2022-08-25 09:48:14.272 [DEBU] {9c3472a84e730e175cdb705003bd6a6c} [ 56 ms] [default] [rows:26 ] SELECT `eventId`,`event_time`,`event_type`,`event_description`,`trigger_type`,`vehicle_number`,`vehicle_model`,`slice_url`,`slice_name`,`slice_size`,`slice_md5`,`start_time`,`duration` FROM `eventsmall`
2022-08-25 09:48:14.922 [DEBU] {8062bbcf4e730e175ddb705047dec7a7} [ 46 ms] [default] [rows:26 ] SELECT `eventId`,`event_time`,`event_type`,`event_description`,`trigger_type`,`vehicle_number`,`vehicle_model`,`slice_url`,`slice_name`,`slice_size`,`slice_md5`,`start_time`,`duration` FROM `eventsmall`
2022-08-25 09:48:18.370 [DEBU] {a85c259d4f730e175edb70508ca0fc81} [ 48 ms] [default] [rows:26 ] SELECT `eventId`,`event_time`,`event_type`,`event_description`,`trigger_type`,`vehicle_number`,`vehicle_model`,`slice_url`,`slice_name`,`slice_size`,`slice_md5`,`start_time`,`duration` FROM `eventsmall`
2022-08-25 09:48:18.797 [DEBU] {185daab64f730e175fdb70502f511a57} [ 47 ms] [default] [rows:26 ] SELECT `eventId`,`event_time`,`event_type`,`event_description`,`trigger_type`,`vehicle_number`,`vehicle_model`,`slice_url`,`slice_name`,`slice_size`,`slice_md5`,`start_time`,`duration` FROM `eventsmall`
2022-08-25 09:48:20.877 [DEBU] {fce3a43250730e1760db705063966139} [ 47 ms] [default] [rows:26 ] SELECT `eventId`,`event_time`,`event_type`,`event_description`,`trigger_type`,`vehicle_number`,`vehicle_model`,`slice_url`,`slice_name`,`slice_size`,`slice_md5`,`start_time`,`duration` FROM `eventsmall`
2022-08-25 09:48:23.636 [DEBU] {3839f2d550730e1761db7050396f16c0} [ 65 ms] [default] [rows:26 ] SELECT `eventId`,`event_time`,`event_type`,`event_description`,`trigger_type`,`vehicle_number`,`vehicle_model`,`slice_url`,`slice_name`,`slice_size`,`slice_md5`,`start_time`,`duration` FROM `eventsmall`
2022-08-25 09:48:51.240 [DEBU] {0ca6834357730e1762db7050f2ed0ffe} [ 62 ms] [default] [rows:26 ] SELECT `eventId`,`event_time`,`event_type`,`event_description`,`trigger_type`,`vehicle_number`,`vehicle_model`,`slice_url`,`slice_name`,`slice_size`,`slice_md5`,`start_time`,`duration` FROM `eventsmall`
2022-08-25 09:48:51.625 [DEBU] {1050045b57730e1763db70503400052b} [ 53 ms] [default] [rows:26 ] SELECT `eventId`,`event_time`,`event_type`,`event_description`,`trigger_type`,`vehicle_number`,`vehicle_model`,`slice_url`,`slice_name`,`slice_size`,`slice_md5`,`start_time`,`duration` FROM `eventsmall`
2022-08-25 09:48:57.270 [DEBU] {4423b6aa58730e1764db7050789ec82c} [ 66 ms] [default] [rows:26 ] SELECT `eventId`,`event_time`,`event_type`,`event_description`,`trigger_type`,`vehicle_number`,`vehicle_model`,`slice_url`,`slice_name`,`slice_size`,`slice_md5`,`start_time`,`duration` FROM `eventsmall`
2022-08-25 09:48:58.911 [DEBU] {bce7660d59730e1765db7050931979fc} [ 51 ms] [default] [rows:26 ] SELECT `eventId`,`event_time`,`event_type`,`event_description`,`trigger_type`,`vehicle_number`,`vehicle_model`,`slice_url`,`slice_name`,`slice_size`,`slice_md5`,`start_time`,`duration` FROM `eventsmall`
2022-08-25 09:48:59.263 [DEBU] {20c4ee2159730e1766db7050b3722d2a} [ 59 ms] [default] [rows:26 ] SELECT `eventId`,`event_time`,`event_type`,`event_description`,`trigger_type`,`vehicle_number`,`vehicle_model`,`slice_url`,`slice_name`,`slice_size`,`slice_md5`,`start_time`,`duration` FROM `eventsmall`
2022-08-25 09:49:01.153 [DEBU] {70f0e79259730e1767db70503b72b4ee} [ 53 ms] [default] [rows:26 ] SELECT `eventId`,`event_time`,`event_type`,`event_description`,`trigger_type`,`vehicle_number`,`vehicle_model`,`slice_url`,`slice_name`,`slice_size`,`slice_md5`,`start_time`,`duration` FROM `eventsmall`
2022-08-25 09:49:02.228 [DEBU] {1c2309d459730e1768db7050540ddc20} [ 36 ms] [default] [rows:26 ] SELECT `eventId`,`event_time`,`event_type`,`event_description`,`trigger_type`,`vehicle_number`,`vehicle_model`,`slice_url`,`slice_name`,`slice_size`,`slice_md5`,`start_time`,`duration` FROM `eventsmall`
2022-08-25 09:49:02.648 [DEBU] {d0b7e9eb59730e1769db7050ebc19f0d} [ 55 ms] [default] [rows:26 ] SELECT `eventId`,`event_time`,`event_type`,`event_description`,`trigger_type`,`vehicle_number`,`vehicle_model`,`slice_url`,`slice_name`,`slice_size`,`slice_md5`,`start_time`,`duration` FROM `eventsmall`
2022-08-25 09:49:04.656 [DEBU] {d062fe625a730e176adb70504c10c38a} [ 65 ms] [default] [rows:26 ] SELECT `eventId`,`event_time`,`event_type`,`event_description`,`trigger_type`,`vehicle_number`,`vehicle_model`,`slice_url`,`slice_name`,`slice_size`,`slice_md5`,`start_time`,`duration` FROM `eventsmall`
2022-08-25 09:49:05.191 [DEBU] {90d7f8835a730e176bdb70502dbbd9a3} [ 47 ms] [default] [rows:26 ] SELECT `eventId`,`event_time`,`event_type`,`event_description`,`trigger_type`,`vehicle_number`,`vehicle_model`,`slice_url`,`slice_name`,`slice_size`,`slice_md5`,`start_time`,`duration` FROM `eventsmall`
2022-08-25 09:49:05.543 [DEBU] {802b8c985a730e176cdb705042f95c7d} [ 54 ms] [default] [rows:26 ] SELECT `eventId`,`event_time`,`event_type`,`event_description`,`trigger_type`,`vehicle_number`,`vehicle_model`,`slice_url`,`slice_name`,`slice_size`,`slice_md5`,`start_time`,`duration` FROM `eventsmall`
2022-08-25 09:49:08.786 [DEBU] {84975e5a5b730e176ddb705089617324} [ 45 ms] [default] [rows:26 ] SELECT `eventId`,`event_time`,`event_type`,`event_description`,`trigger_type`,`vehicle_number`,`vehicle_model`,`slice_url`,`slice_name`,`slice_size`,`slice_md5`,`start_time`,`duration` FROM `eventsmall`
2022-08-25 09:49:12.984 [DEBU] {f4739e545c730e176edb70504676b117} [ 44 ms] [default] [rows:26 ] SELECT `eventId`,`event_time`,`event_type`,`event_description`,`trigger_type`,`vehicle_number`,`vehicle_model`,`slice_url`,`slice_name`,`slice_size`,`slice_md5`,`start_time`,`duration` FROM `eventsmall`
2022-08-25 09:49:15.754 [DEBU] {60d9c2f95c730e176fdb7050d42bcdee} [ 44 ms] [default] [rows:26 ] SELECT `eventId`,`event_time`,`event_type`,`event_description`,`trigger_type`,`vehicle_number`,`vehicle_model`,`slice_url`,`slice_name`,`slice_size`,`slice_md5`,`start_time`,`duration` FROM `eventsmall`
2022-08-25 09:49:16.703 [DEBU] {846198315d730e1770db7050264ea923} [ 56 ms] [default] [rows:26 ] SELECT `eventId`,`event_time`,`event_type`,`event_description`,`trigger_type`,`vehicle_number`,`vehicle_model`,`slice_url`,`slice_name`,`slice_size`,`slice_md5`,`start_time`,`duration` FROM `eventsmall`
2022-08-25 09:49:17.529 [DEBU] {cc86c6635d730e1771db70504bbcb478} [ 40 ms] [default] [rows:26 ] SELECT `eventId`,`event_time`,`event_type`,`event_description`,`trigger_type`,`vehicle_number`,`vehicle_model`,`slice_url`,`slice_name`,`slice_size`,`slice_md5`,`start_time`,`duration` FROM `eventsmall`
2022-08-25 09:49:18.393 [DEBU] {780ea2955d730e1772db7050cad45ac2} [ 68 ms] [default] [rows:26 ] SELECT `eventId`,`event_time`,`event_type`,`event_description`,`trigger_type`,`vehicle_number`,`vehicle_model`,`slice_url`,`slice_name`,`slice_size`,`slice_md5`,`start_time`,`duration` FROM `eventsmall`
2022-08-25 09:49:23.607 [DEBU] {280b27cc5e730e1773db705085f70044} [ 72 ms] [default] [rows:26 ] SELECT `eventId`,`event_time`,`event_type`,`event_description`,`trigger_type`,`vehicle_number`,`vehicle_model`,`slice_url`,`slice_name`,`slice_size`,`slice_md5`,`start_time`,`duration` FROM `eventsmall`
2022-08-25 09:50:17.914 [DEBU] {4892f5716b730e1774db70505c13e2c4} [ 58 ms] [default] [rows:26 ] SELECT `eventId`,`event_time`,`event_type`,`event_description`,`trigger_type`,`vehicle_number`,`vehicle_model`,`slice_url`,`slice_name`,`slice_size`,`slice_md5`,`start_time`,`duration` FROM `eventsmall`
2022-08-25 09:50:20.140 [DEBU] {48d027f76b730e1775db7050aa3b88ab} [ 49 ms] [default] [rows:26 ] SELECT `eventId`,`event_time`,`event_type`,`event_description`,`trigger_type`,`vehicle_number`,`vehicle_model`,`slice_url`,`slice_name`,`slice_size`,`slice_md5`,`start_time`,`duration` FROM `eventsmall`
2022-08-25 09:50:22.471 [DEBU] {4c91c3816c730e1776db70506d328939} [ 54 ms] [default] [rows:26 ] SELECT `eventId`,`event_time`,`event_type`,`event_description`,`trigger_type`,`vehicle_number`,`vehicle_model`,`slice_url`,`slice_name`,`slice_size`,`slice_md5`,`start_time`,`duration` FROM `eventsmall`
2022-08-25 09:50:24.434 [DEBU] {d80831f76c730e1777db705049d9210c} [ 47 ms] [default] [rows:26 ] SELECT `eventId`,`event_time`,`event_type`,`event_description`,`trigger_type`,`vehicle_number`,`vehicle_model`,`slice_url`,`slice_name`,`slice_size`,`slice_md5`,`start_time`,`duration` FROM `eventsmall`
2022-08-25 09:50:26.396 [DEBU] {f841ee6c6d730e1778db705074b6c13d} [ 34 ms] [default] [rows:26 ] SELECT `eventId`,`event_time`,`event_type`,`event_description`,`trigger_type`,`vehicle_number`,`vehicle_model`,`slice_url`,`slice_name`,`slice_size`,`slice_md5`,`start_time`,`duration` FROM `eventsmall`
2022-08-25 09:50:28.899 [DEBU] {c461a0006e730e1779db7050d05f5d8d} [ 59 ms] [default] [rows:26 ] SELECT `eventId`,`event_time`,`event_type`,`event_description`,`trigger_type`,`vehicle_number`,`vehicle_model`,`slice_url`,`slice_name`,`slice_size`,`slice_md5`,`start_time`,`duration` FROM `eventsmall`
2022-08-25 09:50:29.580 [DEBU] {1cdd2a2a6e730e177adb705065a4976b} [ 43 ms] [default] [rows:26 ] SELECT `eventId`,`event_time`,`event_type`,`event_description`,`trigger_type`,`vehicle_number`,`vehicle_model`,`slice_url`,`slice_name`,`slice_size`,`slice_md5`,`start_time`,`duration` FROM `eventsmall`
2022-08-25 09:53:30.184 [DEBU] {e8107c3698730e177bdb705046a5f5f5} [ 51 ms] [default] [rows:26 ] SELECT `eventId`,`event_time`,`event_type`,`event_description`,`trigger_type`,`vehicle_number`,`vehicle_model`,`slice_url`,`slice_name`,`slice_size`,`slice_md5`,`start_time`,`duration` FROM `eventsmall`
2022-08-25 09:53:39.703 [DEBU] {7c7ae06d9a730e177cdb7050f746e14a} [ 51 ms] [default] [rows:26 ] SELECT `eventId`,`event_time`,`event_type`,`event_description`,`trigger_type`,`vehicle_number`,`vehicle_model`,`slice_url`,`slice_name`,`slice_size`,`slice_md5`,`start_time`,`duration` FROM `eventsmall`
2022-08-25 09:53:40.291 [DEBU] {0cb745919a730e177ddb70508463578a} [ 46 ms] [default] [rows:26 ] SELECT `eventId`,`event_time`,`event_type`,`event_description`,`trigger_type`,`vehicle_number`,`vehicle_model`,`slice_url`,`slice_name`,`slice_size`,`slice_md5`,`start_time`,`duration` FROM `eventsmall`
2022-08-25 09:53:41.086 [DEBU] {c858b4bf9a730e177edb70506651eebe} [ 62 ms] [default] [rows:26 ] SELECT `eventId`,`event_time`,`event_type`,`event_description`,`trigger_type`,`vehicle_number`,`vehicle_model`,`slice_url`,`slice_name`,`slice_size`,`slice_md5`,`start_time`,`duration` FROM `eventsmall`
2022-08-25 09:53:41.657 [DEBU] {64d79fe19a730e177fdb7050e541d6c6} [ 64 ms] [default] [rows:26 ] SELECT `eventId`,`event_time`,`event_type`,`event_description`,`trigger_type`,`vehicle_number`,`vehicle_model`,`slice_url`,`slice_name`,`slice_size`,`slice_md5`,`start_time`,`duration` FROM `eventsmall`
2022-08-25 09:53:42.188 [DEBU] {2cc933029b730e1780db705017b28330} [ 48 ms] [default] [rows:26 ] SELECT `eventId`,`event_time`,`event_type`,`event_description`,`trigger_type`,`vehicle_number`,`vehicle_model`,`slice_url`,`slice_name`,`slice_size`,`slice_md5`,`start_time`,`duration` FROM `eventsmall`
2022-08-25 10:15:47.062 [DEBU] {a8a9647bcf740e175f00380d84edf33e} [ 38 ms] [default] [rows:13 ] SHOW FULL COLUMNS FROM `eventsmall`
2022-08-25 10:15:47.106 [DEBU] {a8a9647bcf740e175f00380d84edf33e} [ 43 ms] [default] [rows:26 ] SELECT `eventId`,`event_time`,`event_type`,`event_description`,`trigger_type`,`vehicle_number`,`vehicle_model`,`slice_url`,`slice_name`,`slice_size`,`slice_md5`,`start_time`,`duration` FROM `eventsmall`
2022-08-25 11:16:45.698 [DEBU] {64f7a74f23780e176000380d27ea630c} [ 96 ms] [default] [rows:26 ] SELECT `eventId`,`event_time`,`event_type`,`event_description`,`trigger_type`,`vehicle_number`,`vehicle_model`,`slice_url`,`slice_name`,`slice_size`,`slice_md5`,`start_time`,`duration` FROM `eventsmall`
2022-08-25 12:00:26.623 [DEBU] {4025e09e807a0e17066aae7921d5422a} [ 75 ms] [default] [rows:7  ] SHOW FULL COLUMNS FROM `carinfo`
2022-08-25 12:00:26.689 [ERRO] {4025e09e807a0e17066aae7921d5422a} [ 66 ms] [default] [rows:0  ] INSERT INTO `carinfo`(`vehicle_modle`,`vehicle_frame_number`,`vehicle_usage`,`vehicle_region`,`version`,`status`,`vehicle_number`) VALUES('X3S','Y1099','清洁车','上海','1.0.2','','001') 
Error: Error 1062: Duplicate entry '001' for key 'carinfo.PRIMARY'
Stack:
1.  github.com/gogf/gf/v2/database/gdb.(*Core).writeSqlToLogger
    C:/Users/cowa/go/pkg/mod/github.com/gogf/gf/v2@v2.1.0-rc4/database/gdb/gdb_core.go:671
2.  github.com/gogf/gf/v2/database/gdb.(*Core).DoCommit
    C:/Users/cowa/go/pkg/mod/github.com/gogf/gf/v2@v2.1.0-rc4/database/gdb/gdb_core_underlying.go:255
3.  github.com/gogf/gf/v2/database/gdb.(*Core).DoExec
    C:/Users/cowa/go/pkg/mod/github.com/gogf/gf/v2@v2.1.0-rc4/database/gdb/gdb_core_underlying.go:113
4.  github.com/gogf/gf/v2/database/gdb.(*Core).DoInsert
    C:/Users/cowa/go/pkg/mod/github.com/gogf/gf/v2@v2.1.0-rc4/database/gdb/gdb_core.go:451
5.  github.com/gogf/gf/v2/database/gdb.(*HookInsertInput).Next
    C:/Users/cowa/go/pkg/mod/github.com/gogf/gf/v2@v2.1.0-rc4/database/gdb/gdb_model_hook.go:122
6.  github.com/gogf/gf/v2/database/gdb.(*Model).doInsertWithOption
    C:/Users/cowa/go/pkg/mod/github.com/gogf/gf/v2@v2.1.0-rc4/database/gdb/gdb_model_insert.go:366
7.  github.com/gogf/gf/v2/database/gdb.(*Model).Insert
    C:/Users/cowa/go/pkg/mod/github.com/gogf/gf/v2@v2.1.0-rc4/database/gdb/gdb_model_insert.go:188
8.  github.com/gogf/gf/v2/database/gdb.(*Model).Insert
    C:/Users/cowa/go/pkg/mod/github.com/gogf/gf/v2@v2.1.0-rc4/database/gdb/gdb_model_insert.go:186
9.  promise/internal/socket.(*cVechicleCommandController).onConnection
    D:/work/promise/promise/internal/socket/vehicle_command_controller.go:98
10. promise/internal/socket.(*cVechicleCommandController).OnMessage
    D:/work/promise/promise/internal/socket/vehicle_command_controller.go:66
11. promise/internal/cmd.glob..func2.1
    D:/work/promise/promise/internal/cmd/cmd.go:63
12. github.com/gogf/gf/v2/net/ghttp.(*middleware).callHandlerFunc.func1
    C:/Users/cowa/go/pkg/mod/github.com/gogf/gf/v2@v2.1.0-rc4/net/ghttp/ghttp_request_middleware.go:130
13. github.com/gogf/gf/v2/net/ghttp.niceCallFunc
    C:/Users/cowa/go/pkg/mod/github.com/gogf/gf/v2@v2.1.0-rc4/net/ghttp/ghttp_func.go:55
14. github.com/gogf/gf/v2/net/ghttp.(*middleware).callHandlerFunc
    C:/Users/cowa/go/pkg/mod/github.com/gogf/gf/v2@v2.1.0-rc4/net/ghttp/ghttp_request_middleware.go:128
15. github.com/gogf/gf/v2/net/ghttp.(*middleware).Next.func1.4
    C:/Users/cowa/go/pkg/mod/github.com/gogf/gf/v2@v2.1.0-rc4/net/ghttp/ghttp_request_middleware.go:89
16. github.com/gogf/gf/v2/net/ghttp.niceCallFunc
    C:/Users/cowa/go/pkg/mod/github.com/gogf/gf/v2@v2.1.0-rc4/net/ghttp/ghttp_func.go:55
17. github.com/gogf/gf/v2/net/ghttp.(*middleware).Next.func1
    C:/Users/cowa/go/pkg/mod/github.com/gogf/gf/v2@v2.1.0-rc4/net/ghttp/ghttp_request_middleware.go:88
18. github.com/gogf/gf/v2/util/gutil.TryCatch
    C:/Users/cowa/go/pkg/mod/github.com/gogf/gf/v2@v2.1.0-rc4/util/gutil/gutil.go:55
19. github.com/gogf/gf/v2/net/ghttp.(*middleware).Next
    C:/Users/cowa/go/pkg/mod/github.com/gogf/gf/v2@v2.1.0-rc4/net/ghttp/ghttp_request_middleware.go:48
20. github.com/gogf/gf/v2/net/ghttp.internalMiddlewareServerTracing
    C:/Users/cowa/go/pkg/mod/github.com/gogf/gf/v2@v2.1.0-rc4/net/ghttp/ghttp_middleware_tracing.go:78
21. github.com/gogf/gf/v2/net/ghttp.(*middleware).Next.func1.5
    C:/Users/cowa/go/pkg/mod/github.com/gogf/gf/v2@v2.1.0-rc4/net/ghttp/ghttp_request_middleware.go:95
22. github.com/gogf/gf/v2/net/ghttp.niceCallFunc
    C:/Users/cowa/go/pkg/mod/github.com/gogf/gf/v2@v2.1.0-rc4/net/ghttp/ghttp_func.go:55
23. github.com/gogf/gf/v2/net/ghttp.(*middleware).Next.func1
    C:/Users/cowa/go/pkg/mod/github.com/gogf/gf/v2@v2.1.0-rc4/net/ghttp/ghttp_request_middleware.go:94
24. github.com/gogf/gf/v2/util/gutil.TryCatch
    C:/Users/cowa/go/pkg/mod/github.com/gogf/gf/v2@v2.1.0-rc4/util/gutil/gutil.go:55
25. github.com/gogf/gf/v2/net/ghttp.(*middleware).Next
    C:/Users/cowa/go/pkg/mod/github.com/gogf/gf/v2@v2.1.0-rc4/net/ghttp/ghttp_request_middleware.go:48
26. github.com/gogf/gf/v2/net/ghttp.(*Server).ServeHTTP
    C:/Users/cowa/go/pkg/mod/github.com/gogf/gf/v2@v2.1.0-rc4/net/ghttp/ghttp_server_handler.go:121

2022-08-25 13:44:39.879 [DEBU] {3c28548035800e173cebbc684ecd0b65} [ 58 ms] [default] [rows:13 ] SHOW FULL COLUMNS FROM `eventsmall`
2022-08-25 13:44:39.929 [DEBU] {3c28548035800e173cebbc684ecd0b65} [ 49 ms] [default] [rows:26 ] SELECT `eventId`,`event_time`,`event_type`,`event_description`,`trigger_type`,`vehicle_number`,`vehicle_model`,`slice_url`,`slice_name`,`slice_size`,`slice_md5`,`start_time`,`duration` FROM `eventsmall`
2022-08-25 13:44:41.594 [DEBU] {c4107de635800e173debbc68700cf576} [ 59 ms] [default] [rows:26 ] SELECT `eventId`,`event_time`,`event_type`,`event_description`,`trigger_type`,`vehicle_number`,`vehicle_model`,`slice_url`,`slice_name`,`slice_size`,`slice_md5`,`start_time`,`duration` FROM `eventsmall`
2022-08-25 13:44:44.134 [DEBU] {e8c8fe7d36800e173eebbc68dfa78953} [ 58 ms] [default] [rows:26 ] SELECT `eventId`,`event_time`,`event_type`,`event_description`,`trigger_type`,`vehicle_number`,`vehicle_model`,`slice_url`,`slice_name`,`slice_size`,`slice_md5`,`start_time`,`duration` FROM `eventsmall`
2022-08-25 13:44:45.573 [DEBU] {388654d436800e173febbc68e4a9beec} [ 48 ms] [default] [rows:26 ] SELECT `eventId`,`event_time`,`event_type`,`event_description`,`trigger_type`,`vehicle_number`,`vehicle_model`,`slice_url`,`slice_name`,`slice_size`,`slice_md5`,`start_time`,`duration` FROM `eventsmall`
2022-08-25 13:44:47.846 [DEBU] {24e35b5b37800e1740ebbc682f6bef70} [ 56 ms] [default] [rows:26 ] SELECT `eventId`,`event_time`,`event_type`,`event_description`,`trigger_type`,`vehicle_number`,`vehicle_model`,`slice_url`,`slice_name`,`slice_size`,`slice_md5`,`start_time`,`duration` FROM `eventsmall`
2022-08-25 13:44:51.484 [DEBU] {60fdef3338800e1741ebbc6887c99696} [ 60 ms] [default] [rows:26 ] SELECT `eventId`,`event_time`,`event_type`,`event_description`,`trigger_type`,`vehicle_number`,`vehicle_model`,`slice_url`,`slice_name`,`slice_size`,`slice_md5`,`start_time`,`duration` FROM `eventsmall`
2022-08-25 13:45:15.383 [DEBU] {2c22e2c33d800e1742ebbc68554f0f27} [ 69 ms] [default] [rows:25 ] SELECT `eventId`,`event_time`,`event_type`,`event_description`,`trigger_type`,`vehicle_number`,`vehicle_model`,`slice_url`,`slice_name`,`slice_size`,`slice_md5`,`start_time`,`duration` FROM `eventsmall` WHERE event_time >='2021-03-02' AND event_time <='2022-12-12'
2022-08-25 17:01:11.567 [DEBU] {e4c884f2ee8a0e17b04826595c4330d4} [146 ms] [default] [rows:13 ] SHOW FULL COLUMNS FROM `eventsmall`
2022-08-25 17:01:11.633 [DEBU] {e4c884f2ee8a0e17b04826595c4330d4} [ 64 ms] [default] [rows:26 ] SELECT `eventId`,`event_time`,`event_type`,`event_description`,`trigger_type`,`vehicle_number`,`vehicle_model`,`slice_url`,`slice_name`,`slice_size`,`slice_md5`,`start_time`,`duration` FROM `eventsmall`
2022-08-25 17:01:14.826 [DEBU] {68fadeb9ef8a0e17b14826596fc34716} [ 60 ms] [default] [rows:26 ] SELECT `eventId`,`event_time`,`event_type`,`event_description`,`trigger_type`,`vehicle_number`,`vehicle_model`,`slice_url`,`slice_name`,`slice_size`,`slice_md5`,`start_time`,`duration` FROM `eventsmall`
2022-08-25 17:17:25.693 [DEBU] {38108cc6d18b0e17b248265998509daf} [ 51 ms] [default] [rows:26 ] SELECT `eventId`,`event_time`,`event_type`,`event_description`,`trigger_type`,`vehicle_number`,`vehicle_model`,`slice_url`,`slice_name`,`slice_size`,`slice_md5`,`start_time`,`duration` FROM `eventsmall`
2022-08-25 17:17:28.137 [DEBU] {34d80358d28b0e17b34826599fe7489c} [ 55 ms] [default] [rows:26 ] SELECT `eventId`,`event_time`,`event_type`,`event_description`,`trigger_type`,`vehicle_number`,`vehicle_model`,`slice_url`,`slice_name`,`slice_size`,`slice_md5`,`start_time`,`duration` FROM `eventsmall`
2022-08-25 17:17:30.402 [DEBU] {84cf53ded28b0e17b4482659f6a88183} [ 66 ms] [default] [rows:26 ] SELECT `eventId`,`event_time`,`event_type`,`event_description`,`trigger_type`,`vehicle_number`,`vehicle_model`,`slice_url`,`slice_name`,`slice_size`,`slice_md5`,`start_time`,`duration` FROM `eventsmall`
2022-08-25 17:17:32.015 [DEBU] {2cdbd53ed38b0e17b54826590c2a0be7} [ 61 ms] [default] [rows:26 ] SELECT `eventId`,`event_time`,`event_type`,`event_description`,`trigger_type`,`vehicle_number`,`vehicle_model`,`slice_url`,`slice_name`,`slice_size`,`slice_md5`,`start_time`,`duration` FROM `eventsmall`
2022-08-25 17:17:32.511 [DEBU] {34ca005ed38b0e17b6482659972b6ec8} [ 34 ms] [default] [rows:26 ] SELECT `eventId`,`event_time`,`event_type`,`event_description`,`trigger_type`,`vehicle_number`,`vehicle_model`,`slice_url`,`slice_name`,`slice_size`,`slice_md5`,`start_time`,`duration` FROM `eventsmall`
2022-08-25 17:17:34.915 [DEBU] {904ff0ebd38b0e17b7482659a4726f2d} [ 56 ms] [default] [rows:26 ] SELECT `eventId`,`event_time`,`event_type`,`event_description`,`trigger_type`,`vehicle_number`,`vehicle_model`,`slice_url`,`slice_name`,`slice_size`,`slice_md5`,`start_time`,`duration` FROM `eventsmall`
2022-08-25 17:17:37.347 [DEBU] {343abd7bd48b0e17b8482659d2bf19c4} [ 76 ms] [default] [rows:26 ] SELECT `eventId`,`event_time`,`event_type`,`event_description`,`trigger_type`,`vehicle_number`,`vehicle_model`,`slice_url`,`slice_name`,`slice_size`,`slice_md5`,`start_time`,`duration` FROM `eventsmall`
2022-08-25 17:17:38.344 [DEBU] {54dd3fb8d48b0e17b948265961bb2a04} [ 58 ms] [default] [rows:26 ] SELECT `eventId`,`event_time`,`event_type`,`event_description`,`trigger_type`,`vehicle_number`,`vehicle_model`,`slice_url`,`slice_name`,`slice_size`,`slice_md5`,`start_time`,`duration` FROM `eventsmall`
2022-08-25 17:17:40.686 [DEBU] {58105944d58b0e17ba482659c43b32a9} [ 49 ms] [default] [rows:26 ] SELECT `eventId`,`event_time`,`event_type`,`event_description`,`trigger_type`,`vehicle_number`,`vehicle_model`,`slice_url`,`slice_name`,`slice_size`,`slice_md5`,`start_time`,`duration` FROM `eventsmall`
2022-08-25 17:17:43.244 [DEBU] {8cd6bbdcd58b0e17bb482659295d6579} [ 51 ms] [default] [rows:26 ] SELECT `eventId`,`event_time`,`event_type`,`event_description`,`trigger_type`,`vehicle_number`,`vehicle_model`,`slice_url`,`slice_name`,`slice_size`,`slice_md5`,`start_time`,`duration` FROM `eventsmall`
2022-08-25 17:17:43.890 [DEBU] {84c7e901d68b0e17bc482659a98ef3d0} [ 73 ms] [default] [rows:26 ] SELECT `eventId`,`event_time`,`event_type`,`event_description`,`trigger_type`,`vehicle_number`,`vehicle_model`,`slice_url`,`slice_name`,`slice_size`,`slice_md5`,`start_time`,`duration` FROM `eventsmall`
2022-08-25 17:17:44.454 [DEBU] {c0c46524d68b0e17bd48265951b74c0d} [ 58 ms] [default] [rows:26 ] SELECT `eventId`,`event_time`,`event_type`,`event_description`,`trigger_type`,`vehicle_number`,`vehicle_model`,`slice_url`,`slice_name`,`slice_size`,`slice_md5`,`start_time`,`duration` FROM `eventsmall`
2022-08-25 17:17:46.143 [DEBU] {c8c0b688d68b0e17be4826598252e62d} [ 64 ms] [default] [rows:26 ] SELECT `eventId`,`event_time`,`event_type`,`event_description`,`trigger_type`,`vehicle_number`,`vehicle_model`,`slice_url`,`slice_name`,`slice_size`,`slice_md5`,`start_time`,`duration` FROM `eventsmall`
2022-08-25 17:17:46.647 [DEBU] {54c516a7d68b0e17bf482659c624c532} [ 58 ms] [default] [rows:26 ] SELECT `eventId`,`event_time`,`event_type`,`event_description`,`trigger_type`,`vehicle_number`,`vehicle_model`,`slice_url`,`slice_name`,`slice_size`,`slice_md5`,`start_time`,`duration` FROM `eventsmall`
2022-08-25 17:17:47.609 [DEBU] {d8af75ded68b0e17c04826591152dd60} [ 92 ms] [default] [rows:26 ] SELECT `eventId`,`event_time`,`event_type`,`event_description`,`trigger_type`,`vehicle_number`,`vehicle_model`,`slice_url`,`slice_name`,`slice_size`,`slice_md5`,`start_time`,`duration` FROM `eventsmall`
2022-08-25 17:17:48.252 [DEBU] {4c823807d78b0e17c1482659e6df462b} [ 51 ms] [default] [rows:26 ] SELECT `eventId`,`event_time`,`event_type`,`event_description`,`trigger_type`,`vehicle_number`,`vehicle_model`,`slice_url`,`slice_name`,`slice_size`,`slice_md5`,`start_time`,`duration` FROM `eventsmall`
