2022-08-28 14:29:57.240 [DEBU] {b48397e46b6e0f1767590931d5d6f2f6} [ 41 ms] [default] [rows:13 ] SHOW FULL COLUMNS FROM `eventsmall`
2022-08-28 14:29:57.304 [DEBU] {b48397e46b6e0f1767590931d5d6f2f6} [ 63 ms] [default] [rows:26 ] SELECT `eventId`,`event_time`,`event_type`,`event_description`,`trigger_type`,`vehicle_number`,`vehicle_model`,`slice_url`,`slice_name`,`slice_size`,`slice_md5`,`start_time`,`duration` FROM `eventsmall`
2022-08-28 14:29:58.664 [DEBU] {8803b7396c6e0f17685909316ffdd933} [ 38 ms] [default] [rows:26 ] SELECT `eventId`,`event_time`,`event_type`,`event_description`,`trigger_type`,`vehicle_number`,`vehicle_model`,`slice_url`,`slice_name`,`slice_size`,`slice_md5`,`start_time`,`duration` FROM `eventsmall`
2022-08-28 14:29:59.139 [DEBU] {24f8c3556c6e0f17695909310e768920} [ 42 ms] [default] [rows:26 ] SELECT `eventId`,`event_time`,`event_type`,`event_description`,`trigger_type`,`vehicle_number`,`vehicle_model`,`slice_url`,`slice_name`,`slice_size`,`slice_md5`,`start_time`,`duration` FROM `eventsmall`
2022-08-28 14:30:00.664 [DEBU] {f0ec0cb06c6e0f176a590931adec42ae} [ 52 ms] [default] [rows:26 ] SELECT `eventId`,`event_time`,`event_type`,`event_description`,`trigger_type`,`vehicle_number`,`vehicle_model`,`slice_url`,`slice_name`,`slice_size`,`slice_md5`,`start_time`,`duration` FROM `eventsmall`
2022-08-28 14:30:02.233 [DEBU] {9844540e6d6e0f176b59093120afcbb2} [ 40 ms] [default] [rows:26 ] SELECT `eventId`,`event_time`,`event_type`,`event_description`,`trigger_type`,`vehicle_number`,`vehicle_model`,`slice_url`,`slice_name`,`slice_size`,`slice_md5`,`start_time`,`duration` FROM `eventsmall`
2022-08-28 14:30:03.832 [DEBU] {4099576d6d6e0f176c5909313bc642ea} [ 44 ms] [default] [rows:26 ] SELECT `eventId`,`event_time`,`event_type`,`event_description`,`trigger_type`,`vehicle_number`,`vehicle_model`,`slice_url`,`slice_name`,`slice_size`,`slice_md5`,`start_time`,`duration` FROM `eventsmall`
2022-08-28 14:30:05.814 [DEBU] {0832d5e36d6e0f176d5909318c4c40e9} [ 39 ms] [default] [rows:26 ] SELECT `eventId`,`event_time`,`event_type`,`event_description`,`trigger_type`,`vehicle_number`,`vehicle_model`,`slice_url`,`slice_name`,`slice_size`,`slice_md5`,`start_time`,`duration` FROM `eventsmall`
2022-08-28 14:30:06.379 [DEBU] {2cf68e056e6e0f176e590931fe47eb8e} [ 38 ms] [default] [rows:26 ] SELECT `eventId`,`event_time`,`event_type`,`event_description`,`trigger_type`,`vehicle_number`,`vehicle_model`,`slice_url`,`slice_name`,`slice_size`,`slice_md5`,`start_time`,`duration` FROM `eventsmall`
2022-08-28 14:30:06.612 [DEBU] {980b73136e6e0f176f5909314b8e7c95} [ 38 ms] [default] [rows:26 ] SELECT `eventId`,`event_time`,`event_type`,`event_description`,`trigger_type`,`vehicle_number`,`vehicle_model`,`slice_url`,`slice_name`,`slice_size`,`slice_md5`,`start_time`,`duration` FROM `eventsmall`
2022-08-28 14:30:06.932 [DEBU] {b07308266e6e0f1770590931459b4fef} [ 46 ms] [default] [rows:26 ] SELECT `eventId`,`event_time`,`event_type`,`event_description`,`trigger_type`,`vehicle_number`,`vehicle_model`,`slice_url`,`slice_name`,`slice_size`,`slice_md5`,`start_time`,`duration` FROM `eventsmall`
2022-08-28 14:43:09.944 [DEBU] {f09e2474246f0f1771590931617fdf00} [ 63 ms] [default] [rows:26 ] SELECT `eventId`,`event_time`,`event_type`,`event_description`,`trigger_type`,`vehicle_number`,`vehicle_model`,`slice_url`,`slice_name`,`slice_size`,`slice_md5`,`start_time`,`duration` FROM `eventsmall`
2022-08-28 14:43:10.349 [DEBU] {289b7c8d246f0f17725909317938b0e6} [ 43 ms] [default] [rows:26 ] SELECT `eventId`,`event_time`,`event_type`,`event_description`,`trigger_type`,`vehicle_number`,`vehicle_model`,`slice_url`,`slice_name`,`slice_size`,`slice_md5`,`start_time`,`duration` FROM `eventsmall`
2022-08-28 14:43:10.711 [DEBU] {549a3ba3246f0f1773590931b3a074d2} [ 40 ms] [default] [rows:26 ] SELECT `eventId`,`event_time`,`event_type`,`event_description`,`trigger_type`,`vehicle_number`,`vehicle_model`,`slice_url`,`slice_name`,`slice_size`,`slice_md5`,`start_time`,`duration` FROM `eventsmall`
2022-08-28 14:43:11.034 [DEBU] {d0a56fb5246f0f17745909316a2e3acf} [ 58 ms] [default] [rows:26 ] SELECT `eventId`,`event_time`,`event_type`,`event_description`,`trigger_type`,`vehicle_number`,`vehicle_model`,`slice_url`,`slice_name`,`slice_size`,`slice_md5`,`start_time`,`duration` FROM `eventsmall`
2022-08-28 14:43:11.294 [DEBU] {206d01c6246f0f1775590931b0d47015} [ 38 ms] [default] [rows:26 ] SELECT `eventId`,`event_time`,`event_type`,`event_description`,`trigger_type`,`vehicle_number`,`vehicle_model`,`slice_url`,`slice_name`,`slice_size`,`slice_md5`,`start_time`,`duration` FROM `eventsmall`
2022-08-28 14:43:11.618 [DEBU] {08cce8d8246f0f17765909317e179d57} [ 47 ms] [default] [rows:26 ] SELECT `eventId`,`event_time`,`event_type`,`event_description`,`trigger_type`,`vehicle_number`,`vehicle_model`,`slice_url`,`slice_name`,`slice_size`,`slice_md5`,`start_time`,`duration` FROM `eventsmall`
2022-08-28 14:43:11.946 [DEBU] {d4418eec246f0f177759093129e776dc} [ 44 ms] [default] [rows:26 ] SELECT `eventId`,`event_time`,`event_type`,`event_description`,`trigger_type`,`vehicle_number`,`vehicle_model`,`slice_url`,`slice_name`,`slice_size`,`slice_md5`,`start_time`,`duration` FROM `eventsmall`
2022-08-28 14:43:12.217 [DEBU] {745160fc246f0f17785909310404ac1f} [ 50 ms] [default] [rows:26 ] SELECT `eventId`,`event_time`,`event_type`,`event_description`,`trigger_type`,`vehicle_number`,`vehicle_model`,`slice_url`,`slice_name`,`slice_size`,`slice_md5`,`start_time`,`duration` FROM `eventsmall`
2022-08-28 14:43:12.543 [DEBU] {c4e02b10256f0f1779590931f74519dc} [ 45 ms] [default] [rows:26 ] SELECT `eventId`,`event_time`,`event_type`,`event_description`,`trigger_type`,`vehicle_number`,`vehicle_model`,`slice_url`,`slice_name`,`slice_size`,`slice_md5`,`start_time`,`duration` FROM `eventsmall`
2022-08-28 14:43:12.798 [DEBU] {a856e61e256f0f177a590931f7aeaae4} [ 53 ms] [default] [rows:26 ] SELECT `eventId`,`event_time`,`event_type`,`event_description`,`trigger_type`,`vehicle_number`,`vehicle_model`,`slice_url`,`slice_name`,`slice_size`,`slice_md5`,`start_time`,`duration` FROM `eventsmall`
2022-08-28 14:43:13.067 [DEBU] {30507c2f256f0f177b5909310459b9e8} [ 43 ms] [default] [rows:26 ] SELECT `eventId`,`event_time`,`event_type`,`event_description`,`trigger_type`,`vehicle_number`,`vehicle_model`,`slice_url`,`slice_name`,`slice_size`,`slice_md5`,`start_time`,`duration` FROM `eventsmall`
2022-08-28 14:43:13.357 [DEBU] {a0bdac3f256f0f177c59093143451325} [ 62 ms] [default] [rows:26 ] SELECT `eventId`,`event_time`,`event_type`,`event_description`,`trigger_type`,`vehicle_number`,`vehicle_model`,`slice_url`,`slice_name`,`slice_size`,`slice_md5`,`start_time`,`duration` FROM `eventsmall`
2022-08-28 14:43:13.807 [DEBU] {dc55b25b256f0f177d5909314d17f8a5} [ 42 ms] [default] [rows:26 ] SELECT `eventId`,`event_time`,`event_type`,`event_description`,`trigger_type`,`vehicle_number`,`vehicle_model`,`slice_url`,`slice_name`,`slice_size`,`slice_md5`,`start_time`,`duration` FROM `eventsmall`
2022-08-28 14:43:14.282 [DEBU] {94d37477256f0f177e59093143083d27} [ 51 ms] [default] [rows:26 ] SELECT `eventId`,`event_time`,`event_type`,`event_description`,`trigger_type`,`vehicle_number`,`vehicle_model`,`slice_url`,`slice_name`,`slice_size`,`slice_md5`,`start_time`,`duration` FROM `eventsmall`
2022-08-28 14:43:14.629 [DEBU] {e8767c8c256f0f177f59093189a3f4d7} [ 45 ms] [default] [rows:26 ] SELECT `eventId`,`event_time`,`event_type`,`event_description`,`trigger_type`,`vehicle_number`,`vehicle_model`,`slice_url`,`slice_name`,`slice_size`,`slice_md5`,`start_time`,`duration` FROM `eventsmall`
2022-08-28 14:43:14.955 [DEBU] {bc6dfd9f256f0f1780590931a19ec097} [ 44 ms] [default] [rows:26 ] SELECT `eventId`,`event_time`,`event_type`,`event_description`,`trigger_type`,`vehicle_number`,`vehicle_model`,`slice_url`,`slice_name`,`slice_size`,`slice_md5`,`start_time`,`duration` FROM `eventsmall`
2022-08-28 14:43:15.256 [DEBU] {fca84cb2256f0f1781590931309f8f15} [ 38 ms] [default] [rows:26 ] SELECT `eventId`,`event_time`,`event_type`,`event_description`,`trigger_type`,`vehicle_number`,`vehicle_model`,`slice_url`,`slice_name`,`slice_size`,`slice_md5`,`start_time`,`duration` FROM `eventsmall`
2022-08-28 14:43:15.579 [DEBU] {3c0e76c5256f0f1782590931cc58f56f} [ 39 ms] [default] [rows:26 ] SELECT `eventId`,`event_time`,`event_type`,`event_description`,`trigger_type`,`vehicle_number`,`vehicle_model`,`slice_url`,`slice_name`,`slice_size`,`slice_md5`,`start_time`,`duration` FROM `eventsmall`
2022-08-28 14:43:15.987 [DEBU] {848e9fdd256f0f17835909315ceddab0} [ 42 ms] [default] [rows:26 ] SELECT `eventId`,`event_time`,`event_type`,`event_description`,`trigger_type`,`vehicle_number`,`vehicle_model`,`slice_url`,`slice_name`,`slice_size`,`slice_md5`,`start_time`,`duration` FROM `eventsmall`
2022-08-28 14:43:16.301 [DEBU] {a40a50f0256f0f1784590931bce1b46a} [ 42 ms] [default] [rows:26 ] SELECT `eventId`,`event_time`,`event_type`,`event_description`,`trigger_type`,`vehicle_number`,`vehicle_model`,`slice_url`,`slice_name`,`slice_size`,`slice_md5`,`start_time`,`duration` FROM `eventsmall`
2022-08-28 14:43:16.572 [DEBU] {e89f0b01266f0f1785590931274fcb40} [ 33 ms] [default] [rows:26 ] SELECT `eventId`,`event_time`,`event_type`,`event_description`,`trigger_type`,`vehicle_number`,`vehicle_model`,`slice_url`,`slice_name`,`slice_size`,`slice_md5`,`start_time`,`duration` FROM `eventsmall`
2022-08-28 14:43:16.943 [DEBU] {80b12e16266f0f178659093191192e47} [ 49 ms] [default] [rows:26 ] SELECT `eventId`,`event_time`,`event_type`,`event_description`,`trigger_type`,`vehicle_number`,`vehicle_model`,`slice_url`,`slice_name`,`slice_size`,`slice_md5`,`start_time`,`duration` FROM `eventsmall`
2022-08-28 14:43:17.216 [DEBU] {b0d5b026266f0f1787590931c2122fe6} [ 45 ms] [default] [rows:26 ] SELECT `eventId`,`event_time`,`event_type`,`event_description`,`trigger_type`,`vehicle_number`,`vehicle_model`,`slice_url`,`slice_name`,`slice_size`,`slice_md5`,`start_time`,`duration` FROM `eventsmall`
2022-08-28 14:43:17.448 [DEBU] {ccd88334266f0f1788590931812209f3} [ 45 ms] [default] [rows:26 ] SELECT `eventId`,`event_time`,`event_type`,`event_description`,`trigger_type`,`vehicle_number`,`vehicle_model`,`slice_url`,`slice_name`,`slice_size`,`slice_md5`,`start_time`,`duration` FROM `eventsmall`
2022-08-28 14:43:17.782 [DEBU] {90649d48266f0f178959093182826b5b} [ 42 ms] [default] [rows:26 ] SELECT `eventId`,`event_time`,`event_type`,`event_description`,`trigger_type`,`vehicle_number`,`vehicle_model`,`slice_url`,`slice_name`,`slice_size`,`slice_md5`,`start_time`,`duration` FROM `eventsmall`
2022-08-28 14:58:17.060 [DEBU] {64e5aba9f76f0f178a59093169618349} [ 43 ms] [default] [rows:26 ] SELECT `eventId`,`event_time`,`event_type`,`event_description`,`trigger_type`,`vehicle_number`,`vehicle_model`,`slice_url`,`slice_name`,`slice_size`,`slice_md5`,`start_time`,`duration` FROM `eventsmall`
2022-08-28 14:58:18.303 [DEBU] {e85a1cf4f76f0f178b5909318bc88f69} [ 37 ms] [default] [rows:26 ] SELECT `eventId`,`event_time`,`event_type`,`event_description`,`trigger_type`,`vehicle_number`,`vehicle_model`,`slice_url`,`slice_name`,`slice_size`,`slice_md5`,`start_time`,`duration` FROM `eventsmall`
2022-08-28 14:59:20.304 [DEBU] {54e97b6306700f178c5909310ec9b05d} [ 40 ms] [default] [rows:26 ] SELECT `eventId`,`event_time`,`event_type`,`event_description`,`trigger_type`,`vehicle_number`,`vehicle_model`,`slice_url`,`slice_name`,`slice_size`,`slice_md5`,`start_time`,`duration` FROM `eventsmall`
2022-08-28 14:59:21.303 [DEBU] {e42e0b9f06700f178d5909315a1ceba9} [ 40 ms] [default] [rows:26 ] SELECT `eventId`,`event_time`,`event_type`,`event_description`,`trigger_type`,`vehicle_number`,`vehicle_model`,`slice_url`,`slice_name`,`slice_size`,`slice_md5`,`start_time`,`duration` FROM `eventsmall`
2022-08-28 15:23:04.344 [DEBU] {10ee1af351710f178e590931bf111b96} [ 36 ms] [default] [rows:26 ] SELECT `eventId`,`event_time`,`event_type`,`event_description`,`trigger_type`,`vehicle_number`,`vehicle_model`,`slice_url`,`slice_name`,`slice_size`,`slice_md5`,`start_time`,`duration` FROM `eventsmall`
2022-08-28 15:23:04.349 [DEBU] {647f58f351710f178f590931b782be62} [ 37 ms] [default] [rows:26 ] SELECT `eventId`,`event_time`,`event_type`,`event_description`,`trigger_type`,`vehicle_number`,`vehicle_model`,`slice_url`,`slice_name`,`slice_size`,`slice_md5`,`start_time`,`duration` FROM `eventsmall`
2022-08-28 15:35:32.219 [DEBU] {c822b91300720f1790590931b8e3de43} [ 39 ms] [default] [rows:26 ] SELECT `eventId`,`event_time`,`event_type`,`event_description`,`trigger_type`,`vehicle_number`,`vehicle_model`,`slice_url`,`slice_name`,`slice_size`,`slice_md5`,`start_time`,`duration` FROM `eventsmall`
2022-08-28 15:35:32.492 [DEBU] {14f5ee2300720f17915909314b7e75af} [ 41 ms] [default] [rows:26 ] SELECT `eventId`,`event_time`,`event_type`,`event_description`,`trigger_type`,`vehicle_number`,`vehicle_model`,`slice_url`,`slice_name`,`slice_size`,`slice_md5`,`start_time`,`duration` FROM `eventsmall`
2022-08-28 15:35:33.064 [DEBU] {a04b3a4600720f1792590931069cdf84} [ 38 ms] [default] [rows:26 ] SELECT `eventId`,`event_time`,`event_type`,`event_description`,`trigger_type`,`vehicle_number`,`vehicle_model`,`slice_url`,`slice_name`,`slice_size`,`slice_md5`,`start_time`,`duration` FROM `eventsmall`
2022-08-28 15:35:33.351 [DEBU] {008a635600720f17935909311998c110} [ 54 ms] [default] [rows:26 ] SELECT `eventId`,`event_time`,`event_type`,`event_description`,`trigger_type`,`vehicle_number`,`vehicle_model`,`slice_url`,`slice_name`,`slice_size`,`slice_md5`,`start_time`,`duration` FROM `eventsmall`
2022-08-28 15:43:04.334 [DEBU] {305e455769720f17945909314ca47fc3} [ 50 ms] [default] [rows:26 ] SELECT `eventId`,`event_time`,`event_type`,`event_description`,`trigger_type`,`vehicle_number`,`vehicle_model`,`slice_url`,`slice_name`,`slice_size`,`slice_md5`,`start_time`,`duration` FROM `eventsmall`
2022-08-28 15:43:04.334 [DEBU] {9cfe835769720f1795590931426be647} [ 46 ms] [default] [rows:26 ] SELECT `eventId`,`event_time`,`event_type`,`event_description`,`trigger_type`,`vehicle_number`,`vehicle_model`,`slice_url`,`slice_name`,`slice_size`,`slice_md5`,`start_time`,`duration` FROM `eventsmall`
2022-08-28 15:43:32.694 [DEBU] {bcf115f26f720f1796590931fe4e4628} [ 43 ms] [default] [rows:26 ] SELECT `eventId`,`event_time`,`event_type`,`event_description`,`trigger_type`,`vehicle_number`,`vehicle_model`,`slice_url`,`slice_name`,`slice_size`,`slice_md5`,`start_time`,`duration` FROM `eventsmall`
2022-08-28 15:43:49.823 [DEBU] {ac5840ef73720f179759093100006d46} [ 40 ms] [default] [rows:26 ] SELECT `eventId`,`event_time`,`event_type`,`event_description`,`trigger_type`,`vehicle_number`,`vehicle_model`,`slice_url`,`slice_name`,`slice_size`,`slice_md5`,`start_time`,`duration` FROM `eventsmall`
2022-08-28 15:44:00.741 [DEBU] {585a427976720f17985909319594da82} [ 52 ms] [default] [rows:26 ] SELECT `eventId`,`event_time`,`event_type`,`event_description`,`trigger_type`,`vehicle_number`,`vehicle_model`,`slice_url`,`slice_name`,`slice_size`,`slice_md5`,`start_time`,`duration` FROM `eventsmall`
2022-08-28 15:44:02.325 [DEBU] {882593d776720f17995909318f9bae5b} [ 54 ms] [default] [rows:26 ] SELECT `eventId`,`event_time`,`event_type`,`event_description`,`trigger_type`,`vehicle_number`,`vehicle_model`,`slice_url`,`slice_name`,`slice_size`,`slice_md5`,`start_time`,`duration` FROM `eventsmall`
2022-08-28 15:44:05.227 [DEBU] {e0599f8477720f179a590931ee34b913} [ 53 ms] [default] [rows:1  ] SELECT `eventId`,`event_time`,`event_type`,`event_description`,`trigger_type`,`vehicle_number`,`vehicle_model`,`slice_url`,`slice_name`,`slice_size`,`slice_md5`,`start_time`,`duration` FROM `eventsmall` WHERE vehicle_number like '%2%'
2022-08-28 15:44:18.469 [DEBU] {b4e4689a7a720f179b59093196ae5bfb} [ 44 ms] [default] [rows:1  ] SELECT `eventId`,`event_time`,`event_type`,`event_description`,`trigger_type`,`vehicle_number`,`vehicle_model`,`slice_url`,`slice_name`,`slice_size`,`slice_md5`,`start_time`,`duration` FROM `eventsmall` WHERE vehicle_number like '%2%'
2022-08-28 15:44:19.421 [DEBU] {8cf663d37a720f179c590931cbd6e9e0} [ 40 ms] [default] [rows:26 ] SELECT `eventId`,`event_time`,`event_type`,`event_description`,`trigger_type`,`vehicle_number`,`vehicle_model`,`slice_url`,`slice_name`,`slice_size`,`slice_md5`,`start_time`,`duration` FROM `eventsmall`
2022-08-28 15:44:42.718 [DEBU] {e098e23f80720f179d590931be4477d2} [ 42 ms] [default] [rows:26 ] SELECT `eventId`,`event_time`,`event_type`,`event_description`,`trigger_type`,`vehicle_number`,`vehicle_model`,`slice_url`,`slice_name`,`slice_size`,`slice_md5`,`start_time`,`duration` FROM `eventsmall`
2022-08-28 15:44:43.864 [DEBU] {185a278480720f179e5909313ebc1fd2} [ 43 ms] [default] [rows:26 ] SELECT `eventId`,`event_time`,`event_type`,`event_description`,`trigger_type`,`vehicle_number`,`vehicle_model`,`slice_url`,`slice_name`,`slice_size`,`slice_md5`,`start_time`,`duration` FROM `eventsmall`
2022-08-28 15:44:44.244 [DEBU] {40dacc9a80720f179f590931bb19ec5b} [ 43 ms] [default] [rows:26 ] SELECT `eventId`,`event_time`,`event_type`,`event_description`,`trigger_type`,`vehicle_number`,`vehicle_model`,`slice_url`,`slice_name`,`slice_size`,`slice_md5`,`start_time`,`duration` FROM `eventsmall`
2022-08-28 15:44:44.529 [DEBU] {484da0ab80720f17a0590931932fc02c} [ 46 ms] [default] [rows:26 ] SELECT `eventId`,`event_time`,`event_type`,`event_description`,`trigger_type`,`vehicle_number`,`vehicle_model`,`slice_url`,`slice_name`,`slice_size`,`slice_md5`,`start_time`,`duration` FROM `eventsmall`
2022-08-28 15:44:44.791 [DEBU] {c8c358bb80720f17a1590931c998d580} [ 44 ms] [default] [rows:26 ] SELECT `eventId`,`event_time`,`event_type`,`event_description`,`trigger_type`,`vehicle_number`,`vehicle_model`,`slice_url`,`slice_name`,`slice_size`,`slice_md5`,`start_time`,`duration` FROM `eventsmall`
2022-08-28 15:44:59.187 [DEBU] {709ee11584720f17a259093101681424} [ 35 ms] [default] [rows:26 ] SELECT `eventId`,`event_time`,`event_type`,`event_description`,`trigger_type`,`vehicle_number`,`vehicle_model`,`slice_url`,`slice_name`,`slice_size`,`slice_md5`,`start_time`,`duration` FROM `eventsmall`
2022-08-28 15:45:03.737 [DEBU] {5c73932485720f17a3590931c24fbde8} [ 45 ms] [default] [rows:26 ] SELECT `eventId`,`event_time`,`event_type`,`event_description`,`trigger_type`,`vehicle_number`,`vehicle_model`,`slice_url`,`slice_name`,`slice_size`,`slice_md5`,`start_time`,`duration` FROM `eventsmall`
2022-08-28 15:45:16.632 [DEBU] {6c82702588720f17a4590931931ef4f7} [ 40 ms] [default] [rows:26 ] SELECT `eventId`,`event_time`,`event_type`,`event_description`,`trigger_type`,`vehicle_number`,`vehicle_model`,`slice_url`,`slice_name`,`slice_size`,`slice_md5`,`start_time`,`duration` FROM `eventsmall`
2022-08-28 15:58:23.886 [DEBU] {e01d3a713f730f17a559093110a7abd8} [ 44 ms] [default] [rows:26 ] SELECT `eventId`,`event_time`,`event_type`,`event_description`,`trigger_type`,`vehicle_number`,`vehicle_model`,`slice_url`,`slice_name`,`slice_size`,`slice_md5`,`start_time`,`duration` FROM `eventsmall`
2022-08-28 15:58:24.336 [DEBU] {d0a9f38b3f730f17a6590931079aa374} [ 45 ms] [default] [rows:26 ] SELECT `eventId`,`event_time`,`event_type`,`event_description`,`trigger_type`,`vehicle_number`,`vehicle_model`,`slice_url`,`slice_name`,`slice_size`,`slice_md5`,`start_time`,`duration` FROM `eventsmall`
2022-08-28 15:58:35.279 [DEBU] {f4223b1842730f17a759093155d0d462} [ 45 ms] [default] [rows:26 ] SELECT `eventId`,`event_time`,`event_type`,`event_description`,`trigger_type`,`vehicle_number`,`vehicle_model`,`slice_url`,`slice_name`,`slice_size`,`slice_md5`,`start_time`,`duration` FROM `eventsmall`
2022-08-28 15:59:43.891 [DEBU] {4487461152730f17a8590931876aa47d} [ 54 ms] [default] [rows:26 ] SELECT `eventId`,`event_time`,`event_type`,`event_description`,`trigger_type`,`vehicle_number`,`vehicle_model`,`slice_url`,`slice_name`,`slice_size`,`slice_md5`,`start_time`,`duration` FROM `eventsmall`
2022-08-28 15:59:45.327 [DEBU] {e883466652730f17a95909314c0f6f6e} [ 64 ms] [default] [rows:26 ] SELECT `eventId`,`event_time`,`event_type`,`event_description`,`trigger_type`,`vehicle_number`,`vehicle_model`,`slice_url`,`slice_name`,`slice_size`,`slice_md5`,`start_time`,`duration` FROM `eventsmall`
2022-08-28 15:59:47.925 [DEBU] {98e83dff52730f17aa5909317c6a22e4} [ 96 ms] [default] [rows:9  ] SELECT `eventId`,`event_time`,`event_type`,`event_description`,`trigger_type`,`vehicle_number`,`vehicle_model`,`slice_url`,`slice_name`,`slice_size`,`slice_md5`,`start_time`,`duration` FROM `eventsmall` WHERE event_time like '%2022-08-23%'
2022-08-28 15:59:53.178 [DEBU] {0483b93a54730f17ab5909312ca2a609} [ 55 ms] [default] [rows:11 ] SELECT `eventId`,`event_time`,`event_type`,`event_description`,`trigger_type`,`vehicle_number`,`vehicle_model`,`slice_url`,`slice_name`,`slice_size`,`slice_md5`,`start_time`,`duration` FROM `eventsmall` WHERE event_time like '%2022-08-24%'
2022-08-28 16:00:08.338 [DEBU] {d001cac257730f17ac5909318b14073a} [ 48 ms] [default] [rows:26 ] SELECT `eventId`,`event_time`,`event_type`,`event_description`,`trigger_type`,`vehicle_number`,`vehicle_model`,`slice_url`,`slice_name`,`slice_size`,`slice_md5`,`start_time`,`duration` FROM `eventsmall`
2022-08-28 16:00:09.312 [DEBU] {54ef3bfd57730f17ad59093180a4c388} [ 42 ms] [default] [rows:26 ] SELECT `eventId`,`event_time`,`event_type`,`event_description`,`trigger_type`,`vehicle_number`,`vehicle_model`,`slice_url`,`slice_name`,`slice_size`,`slice_md5`,`start_time`,`duration` FROM `eventsmall`
2022-08-28 16:00:22.608 [DEBU] {d8c383135b730f17ae5909311b20c437} [ 79 ms] [default] [rows:26 ] SELECT `eventId`,`event_time`,`event_type`,`event_description`,`trigger_type`,`vehicle_number`,`vehicle_model`,`slice_url`,`slice_name`,`slice_size`,`slice_md5`,`start_time`,`duration` FROM `eventsmall`
2022-08-28 16:00:23.301 [DEBU] {e4a8433f5b730f17af59093188e592c8} [ 38 ms] [default] [rows:26 ] SELECT `eventId`,`event_time`,`event_type`,`event_description`,`trigger_type`,`vehicle_number`,`vehicle_model`,`slice_url`,`slice_name`,`slice_size`,`slice_md5`,`start_time`,`duration` FROM `eventsmall`
2022-08-28 16:00:28.727 [DEBU] {0cdf6f815c730f17b05909313a03182a} [ 59 ms] [default] [rows:0  ] SELECT `eventId`,`event_time`,`event_type`,`event_description`,`trigger_type`,`vehicle_number`,`vehicle_model`,`slice_url`,`slice_name`,`slice_size`,`slice_md5`,`start_time`,`duration` FROM `eventsmall` WHERE event_time like '%2022-08-28%'
2022-08-28 16:00:28.781 [DEBU] {0cdf6f815c730f17b05909313a03182a} [ 53 ms] [default] [rows:13 ] SHOW FULL COLUMNS FROM `eventmiddle`
2022-08-28 16:00:28.851 [DEBU] {0cdf6f815c730f17b05909313a03182a} [ 68 ms] [default] [rows:0  ] SELECT `eventId`,`event_time`,`event_type`,`event_description`,`trigger_type`,`vehicle_number`,`vehicle_model`,`slice_url`,`slice_name`,`slice_size`,`slice_md5`,`start_time`,`duration` FROM `eventmiddle` WHERE event_time like '%2022-08-28%'
2022-08-28 16:00:28.902 [DEBU] {0cdf6f815c730f17b05909313a03182a} [ 49 ms] [default] [rows:13 ] SHOW FULL COLUMNS FROM `eventmax`
2022-08-28 16:00:28.960 [DEBU] {0cdf6f815c730f17b05909313a03182a} [ 58 ms] [default] [rows:0  ] SELECT `eventId`,`event_time`,`event_type`,`event_description`,`trigger_type`,`vehicle_number`,`vehicle_model`,`slice_url`,`slice_name`,`slice_size`,`slice_md5`,`start_time`,`duration` FROM `eventmax` WHERE event_time like '%2022-08-28%'
2022-08-28 16:00:33.537 [DEBU] {04854ca15d730f17b159093151532799} [ 39 ms] [default] [rows:26 ] SELECT `eventId`,`event_time`,`event_type`,`event_description`,`trigger_type`,`vehicle_number`,`vehicle_model`,`slice_url`,`slice_name`,`slice_size`,`slice_md5`,`start_time`,`duration` FROM `eventsmall`
2022-08-28 16:00:33.979 [DEBU] {1c0973bb5d730f17b25909312113e130} [ 41 ms] [default] [rows:26 ] SELECT `eventId`,`event_time`,`event_type`,`event_description`,`trigger_type`,`vehicle_number`,`vehicle_model`,`slice_url`,`slice_name`,`slice_size`,`slice_md5`,`start_time`,`duration` FROM `eventsmall`
2022-08-28 16:00:50.766 [DEBU] {d47ea4a361730f17b359093109200ed5} [ 49 ms] [default] [rows:1  ] SELECT `eventId`,`event_time`,`event_type`,`event_description`,`trigger_type`,`vehicle_number`,`vehicle_model`,`slice_url`,`slice_name`,`slice_size`,`slice_md5`,`start_time`,`duration` FROM `eventsmall` WHERE event_time like '%2022-06-21%'
2022-08-28 16:04:45.096 [DEBU] {a8aa563398730f17b4590931fb8b9759} [ 40 ms] [default] [rows:26 ] SELECT `eventId`,`event_time`,`event_type`,`event_description`,`trigger_type`,`vehicle_number`,`vehicle_model`,`slice_url`,`slice_name`,`slice_size`,`slice_md5`,`start_time`,`duration` FROM `eventsmall`
2022-08-28 16:04:49.678 [DEBU] {4829a84499730f17b5590931bc6c2e8d} [ 36 ms] [default] [rows:26 ] SELECT `eventId`,`event_time`,`event_type`,`event_description`,`trigger_type`,`vehicle_number`,`vehicle_model`,`slice_url`,`slice_name`,`slice_size`,`slice_md5`,`start_time`,`duration` FROM `eventsmall`
2022-08-28 16:05:03.962 [DEBU] {98d618979c730f17b6590931a351cc0d} [ 52 ms] [default] [rows:0  ] SELECT `eventId`,`event_time`,`event_type`,`event_description`,`trigger_type`,`vehicle_number`,`vehicle_model`,`slice_url`,`slice_name`,`slice_size`,`slice_md5`,`start_time`,`duration` FROM `eventsmall` WHERE event_time like '%2022-08-28%'
2022-08-28 16:05:04.002 [DEBU] {98d618979c730f17b6590931a351cc0d} [ 39 ms] [default] [rows:0  ] SELECT `eventId`,`event_time`,`event_type`,`event_description`,`trigger_type`,`vehicle_number`,`vehicle_model`,`slice_url`,`slice_name`,`slice_size`,`slice_md5`,`start_time`,`duration` FROM `eventmiddle` WHERE event_time like '%2022-08-28%'
2022-08-28 16:05:04.063 [DEBU] {98d618979c730f17b6590931a351cc0d} [ 59 ms] [default] [rows:0  ] SELECT `eventId`,`event_time`,`event_type`,`event_description`,`trigger_type`,`vehicle_number`,`vehicle_model`,`slice_url`,`slice_name`,`slice_size`,`slice_md5`,`start_time`,`duration` FROM `eventmax` WHERE event_time like '%2022-08-28%'
2022-08-28 16:05:13.522 [DEBU] {647634d19e730f17b7590931735a4930} [ 48 ms] [default] [rows:0  ] SELECT `eventId`,`event_time`,`event_type`,`event_description`,`trigger_type`,`vehicle_number`,`vehicle_model`,`slice_url`,`slice_name`,`slice_size`,`slice_md5`,`start_time`,`duration` FROM `eventsmall` WHERE event_time like '%2022-08-28%'
2022-08-28 16:05:13.571 [DEBU] {647634d19e730f17b7590931735a4930} [ 49 ms] [default] [rows:0  ] SELECT `eventId`,`event_time`,`event_type`,`event_description`,`trigger_type`,`vehicle_number`,`vehicle_model`,`slice_url`,`slice_name`,`slice_size`,`slice_md5`,`start_time`,`duration` FROM `eventmiddle` WHERE event_time like '%2022-08-28%'
2022-08-28 16:05:13.618 [DEBU] {647634d19e730f17b7590931735a4930} [ 47 ms] [default] [rows:0  ] SELECT `eventId`,`event_time`,`event_type`,`event_description`,`trigger_type`,`vehicle_number`,`vehicle_model`,`slice_url`,`slice_name`,`slice_size`,`slice_md5`,`start_time`,`duration` FROM `eventmax` WHERE event_time like '%2022-08-28%'
2022-08-28 16:05:26.814 [DEBU] {c46286e9a1730f17b8590931985b50f7} [ 47 ms] [default] [rows:0  ] SELECT `eventId`,`event_time`,`event_type`,`event_description`,`trigger_type`,`vehicle_number`,`vehicle_model`,`slice_url`,`slice_name`,`slice_size`,`slice_md5`,`start_time`,`duration` FROM `eventsmall` WHERE event_time like '%2022-08-28%'
2022-08-28 16:05:26.864 [DEBU] {c46286e9a1730f17b8590931985b50f7} [ 50 ms] [default] [rows:0  ] SELECT `eventId`,`event_time`,`event_type`,`event_description`,`trigger_type`,`vehicle_number`,`vehicle_model`,`slice_url`,`slice_name`,`slice_size`,`slice_md5`,`start_time`,`duration` FROM `eventmiddle` WHERE event_time like '%2022-08-28%'
2022-08-28 16:05:26.915 [DEBU] {c46286e9a1730f17b8590931985b50f7} [ 50 ms] [default] [rows:0  ] SELECT `eventId`,`event_time`,`event_type`,`event_description`,`trigger_type`,`vehicle_number`,`vehicle_model`,`slice_url`,`slice_name`,`slice_size`,`slice_md5`,`start_time`,`duration` FROM `eventmax` WHERE event_time like '%2022-08-28%'
2022-08-28 16:05:31.938 [DEBU] {8035511ba3730f17b95909310762cf70} [ 40 ms] [default] [rows:26 ] SELECT `eventId`,`event_time`,`event_type`,`event_description`,`trigger_type`,`vehicle_number`,`vehicle_model`,`slice_url`,`slice_name`,`slice_size`,`slice_md5`,`start_time`,`duration` FROM `eventsmall`
2022-08-28 16:53:52.785 [DEBU] {b47ead8246760f178fefce43814c8d30} [ 49 ms] [default] [rows:13 ] SHOW FULL COLUMNS FROM `eventsmall`
2022-08-28 16:53:52.829 [DEBU] {b47ead8246760f178fefce43814c8d30} [ 39 ms] [default] [rows:26 ] SELECT `eventId`,`event_time`,`event_type`,`event_description`,`trigger_type`,`vehicle_number`,`vehicle_model`,`slice_url`,`slice_name`,`slice_size`,`slice_md5`,`start_time`,`duration` FROM `eventsmall`
2022-08-28 16:53:57.934 [DEBU] {78150fb647760f1790efce4304c0a3cd} [ 42 ms] [default] [rows:0  ] SELECT `eventId`,`event_time`,`event_type`,`event_description`,`trigger_type`,`vehicle_number`,`vehicle_model`,`slice_url`,`slice_name`,`slice_size`,`slice_md5`,`start_time`,`duration` FROM `eventsmall` WHERE event_time like '%2022-08-28%'
2022-08-28 16:53:57.978 [DEBU] {78150fb647760f1790efce4304c0a3cd} [ 43 ms] [default] [rows:13 ] SHOW FULL COLUMNS FROM `eventmiddle`
2022-08-28 16:53:58.029 [DEBU] {78150fb647760f1790efce4304c0a3cd} [ 50 ms] [default] [rows:0  ] SELECT `eventId`,`event_time`,`event_type`,`event_description`,`trigger_type`,`vehicle_number`,`vehicle_model`,`slice_url`,`slice_name`,`slice_size`,`slice_md5`,`start_time`,`duration` FROM `eventmiddle` WHERE event_time like '%2022-08-28%'
2022-08-28 16:53:58.080 [DEBU] {78150fb647760f1790efce4304c0a3cd} [ 51 ms] [default] [rows:13 ] SHOW FULL COLUMNS FROM `eventmax`
2022-08-28 16:53:58.147 [DEBU] {78150fb647760f1790efce4304c0a3cd} [ 63 ms] [default] [rows:0  ] SELECT `eventId`,`event_time`,`event_type`,`event_description`,`trigger_type`,`vehicle_number`,`vehicle_model`,`slice_url`,`slice_name`,`slice_size`,`slice_md5`,`start_time`,`duration` FROM `eventmax` WHERE event_time like '%2022-08-28%'
2022-08-28 16:54:04.225 [DEBU] {78d2472d49760f1791efce43a7ea8f96} [ 38 ms] [default] [rows:1  ] SELECT `eventId`,`event_time`,`event_type`,`event_description`,`trigger_type`,`vehicle_number`,`vehicle_model`,`slice_url`,`slice_name`,`slice_size`,`slice_md5`,`start_time`,`duration` FROM `eventsmall` WHERE vehicle_number like '%2%'
2022-08-28 16:54:08.718 [DEBU] {985741384a760f1792efce434d21c67f} [ 52 ms] [default] [rows:0  ] SELECT `eventId`,`event_time`,`event_type`,`event_description`,`trigger_type`,`vehicle_number`,`vehicle_model`,`slice_url`,`slice_name`,`slice_size`,`slice_md5`,`start_time`,`duration` FROM `eventsmall` WHERE vehicle_number like '%1008%'
2022-08-28 16:54:08.770 [DEBU] {985741384a760f1792efce434d21c67f} [ 50 ms] [default] [rows:0  ] SELECT `eventId`,`event_time`,`event_type`,`event_description`,`trigger_type`,`vehicle_number`,`vehicle_model`,`slice_url`,`slice_name`,`slice_size`,`slice_md5`,`start_time`,`duration` FROM `eventmiddle` WHERE vehicle_number like '%1008%'
2022-08-28 16:54:08.865 [DEBU] {985741384a760f1792efce434d21c67f} [ 93 ms] [default] [rows:0  ] SELECT `eventId`,`event_time`,`event_type`,`event_description`,`trigger_type`,`vehicle_number`,`vehicle_model`,`slice_url`,`slice_name`,`slice_size`,`slice_md5`,`start_time`,`duration` FROM `eventmax` WHERE vehicle_number like '%1008%'
2022-08-28 16:54:12.454 [DEBU] {b44ca0174b760f1793efce43c605b523} [ 40 ms] [default] [rows:26 ] SELECT `eventId`,`event_time`,`event_type`,`event_description`,`trigger_type`,`vehicle_number`,`vehicle_model`,`slice_url`,`slice_name`,`slice_size`,`slice_md5`,`start_time`,`duration` FROM `eventsmall`
2022-08-28 16:54:13.535 [DEBU] {6ceb08584b760f1794efce4302a8859d} [ 41 ms] [default] [rows:26 ] SELECT `eventId`,`event_time`,`event_type`,`event_description`,`trigger_type`,`vehicle_number`,`vehicle_model`,`slice_url`,`slice_name`,`slice_size`,`slice_md5`,`start_time`,`duration` FROM `eventsmall`
2022-08-28 17:37:54.293 [DEBU] {7c754c89ad780f1795efce4348d7ec72} [ 41 ms] [default] [rows:26 ] SELECT `eventId`,`event_time`,`event_type`,`event_description`,`trigger_type`,`vehicle_number`,`vehicle_model`,`slice_url`,`slice_name`,`slice_size`,`slice_md5`,`start_time`,`duration` FROM `eventsmall`
2022-08-28 17:38:34.226 [DEBU] {746fafd5b6780f1796efce43da41c54f} [ 39 ms] [default] [rows:26 ] SELECT `eventId`,`event_time`,`event_type`,`event_description`,`trigger_type`,`vehicle_number`,`vehicle_model`,`slice_url`,`slice_name`,`slice_size`,`slice_md5`,`start_time`,`duration` FROM `eventsmall`
2022-08-28 17:43:38.746 [DEBU] {28a57ebcfd780f1797efce437f8c639f} [ 39 ms] [default] [rows:26 ] SELECT `eventId`,`event_time`,`event_type`,`event_description`,`trigger_type`,`vehicle_number`,`vehicle_model`,`slice_url`,`slice_name`,`slice_size`,`slice_md5`,`start_time`,`duration` FROM `eventsmall`
2022-08-28 17:43:42.496 [DEBU] {acea1b9bfe780f1798efce436706f72c} [ 54 ms] [default] [rows:0  ] SELECT `eventId`,`event_time`,`event_type`,`event_description`,`trigger_type`,`vehicle_number`,`vehicle_model`,`slice_url`,`slice_name`,`slice_size`,`slice_md5`,`start_time`,`duration` FROM `eventsmall` WHERE event_time like '%2022-08-18%'
2022-08-28 17:43:42.553 [DEBU] {acea1b9bfe780f1798efce436706f72c} [ 57 ms] [default] [rows:0  ] SELECT `eventId`,`event_time`,`event_type`,`event_description`,`trigger_type`,`vehicle_number`,`vehicle_model`,`slice_url`,`slice_name`,`slice_size`,`slice_md5`,`start_time`,`duration` FROM `eventmiddle` WHERE event_time like '%2022-08-18%'
2022-08-28 17:43:42.614 [DEBU] {acea1b9bfe780f1798efce436706f72c} [ 60 ms] [default] [rows:0  ] SELECT `eventId`,`event_time`,`event_type`,`event_description`,`trigger_type`,`vehicle_number`,`vehicle_model`,`slice_url`,`slice_name`,`slice_size`,`slice_md5`,`start_time`,`duration` FROM `eventmax` WHERE event_time like '%2022-08-18%'
2022-08-28 17:43:46.414 [DEBU] {2c18ed84ff780f1799efce43205f5b78} [ 49 ms] [default] [rows:26 ] SELECT `eventId`,`event_time`,`event_type`,`event_description`,`trigger_type`,`vehicle_number`,`vehicle_model`,`slice_url`,`slice_name`,`slice_size`,`slice_md5`,`start_time`,`duration` FROM `eventsmall`
2022-08-28 17:43:47.443 [DEBU] {50429dc2ff780f179aefce43b39ce5f2} [ 43 ms] [default] [rows:26 ] SELECT `eventId`,`event_time`,`event_type`,`event_description`,`trigger_type`,`vehicle_number`,`vehicle_model`,`slice_url`,`slice_name`,`slice_size`,`slice_md5`,`start_time`,`duration` FROM `eventsmall`
