{144277d85ced0c176eaa40186ace8eee} [{"vehicle_number":"","vehicle_model":"","eventId":"","TriggerType":"2","eventTime":"2022-08-28 16:35:42","eventType":"1","eventDescription":"0210","startTime":"2022-08-17 16:35:55","duration":1,"sliceUrl":""},{"vehicle_number":"4","vehicle_model":"","eventId":"","TriggerType":"1","eventTime":"2022-07-25 18:06:04","eventType":"4","eventDescription":"4","startTime":"2022-08-02 18:06:10","duration":4,"sliceUrl":""}]
{14b84b6675ed0c175d621b72ccf3d42e} [{"vehicle_number":"","vehicle_model":"","eventId":"","TriggerType":"2","eventTime":"2022-08-28 16:35:42","eventType":"1","eventDescription":"0210","startTime":"2022-08-17 16:35:55","duration":1,"sliceUrl":""},{"vehicle_number":"4","vehicle_model":"","eventId":"","TriggerType":"1","eventTime":"2022-07-25 18:06:04","eventType":"4","eventDescription":"4","startTime":"2022-08-02 18:06:10","duration":4,"sliceUrl":""}]
{08f6652b82ed0c17ca750f27f7b39ad3} [{"vehicle_number":"1","vehicle_model":"","eventId":"","TriggerType":"1","eventTime":"2022-08-28 16:35:42","eventType":"1","eventDescription":"0210","startTime":"2022-08-17 16:35:55","duration":1,"sliceUrl":""},{"vehicle_number":"2","vehicle_model":"","eventId":"","TriggerType":"2","eventTime":"2022-07-25 18:06:04","eventType":"2","eventDescription":"2","startTime":"2022-08-02 18:06:10","duration":2,"sliceUrl":""}]
{c8e4be16f3ed0c17e7c572746515a715} [{"vehicle_number":"1","vehicle_model":"洒水车","eventId":"","TriggerType":"1","eventTime":"2022-08-28 16:35:42","eventType":"1","eventDescription":"0210","startTime":"2022-08-17 16:35:55","duration":1,"sliceUrl":""},{"vehicle_number":"2","vehicle_model":"清扫车","eventId":"","TriggerType":"2","eventTime":"2022-07-25 18:06:04","eventType":"2","eventDescription":"2","startTime":"2022-08-02 18:06:10","duration":2,"sliceUrl":""}]
{109be8a0ffed0c176341e650658dcef9} [{"vehicle_number":"1","vehicle_model":"洒水车","eventId":"","TriggerType":"1","eventTime":"2022-08-28 16:35:42","eventType":"1","eventDescription":"0210","startTime":"2022-08-17 16:35:55","duration":1,"sliceUrl":""},{"vehicle_number":"2","vehicle_model":"清扫车","eventId":"","TriggerType":"2","eventTime":"2022-07-25 18:06:04","eventType":"2","eventDescription":"2","startTime":"2022-08-02 18:06:10","duration":2,"sliceUrl":""}]
{18333429f9ee0c17fa7e43695bf4394d} [{"vehicleNumber":"1","vehicleModel":"洒水车","eventId":"","TriggerType":"1","eventTime":"2022-08-28 16:35:42","eventType":"1","eventDescription":"0210","startTime":"2022-08-17 16:35:55","duration":1,"sliceUrl":""},{"vehicleNumber":"2","vehicleModel":"清扫车","eventId":"","TriggerType":"2","eventTime":"2022-07-25 18:06:04","eventType":"2","eventDescription":"2","startTime":"2022-08-02 18:06:10","duration":2,"sliceUrl":""}]
{0c52ebf24bef0c174fe219337d60f494} [{"vehicleNumber":"1","vehicleModel":"洒水车","eventId":"","TriggerType":"1","eventTime":"2022-08-28 16:35:42","eventType":"1","eventDescription":"0210","startTime":"2022-08-17 16:35:55","duration":1,"sliceUrl":""},{"vehicleNumber":"2","vehicleModel":"清扫车","eventId":"","TriggerType":"2","eventTime":"2022-07-25 18:06:04","eventType":"2","eventDescription":"2","startTime":"2022-08-02 18:06:10","duration":2,"sliceUrl":""}]
{64d37bb565ef0c17fc67440762a42dec} [{"vehicleNumber":"2","vehicleModel":"清扫车","eventId":"","TriggerType":"2","eventTime":"2022-07-25 18:06:04","eventType":"2","eventDescription":"2","startTime":"2022-08-02 18:06:10","duration":2,"sliceUrl":""},{"vehicleNumber":"1","vehicleModel":"洒水车","eventId":"","TriggerType":"1","eventTime":"2022-08-28 16:35:42","eventType":"1","eventDescription":"0210","startTime":"2022-08-17 16:35:55","duration":1,"sliceUrl":""}]
{3c466f136fef0c17a58e21329a3aed08}
{e87d4e9372ef0c17f5532d504f1dbab4} [{"vehicleNumber":"2","vehicleModel":"清扫车","eventId":"","TriggerType":"2","eventTime":"2022-07-25 18:06:04","eventType":"2","eventDescription":"2","startTime":"2022-08-02 18:06:10","duration":2,"sliceUrl":""},{"vehicleNumber":"1","vehicleModel":"洒水车","eventId":"","TriggerType":"1","eventTime":"2022-08-28 16:35:42","eventType":"1","eventDescription":"0210","startTime":"2022-08-17 16:35:55","duration":1,"sliceUrl":""}]
{3c9dc5507aef0c170e6aeb08c5b88630} [{"vehicleNumber":"2","vehicleModel":"清扫车","eventId":"","TriggerType":"2","eventTime":"2022-07-25 18:06:04","eventType":"2","eventDescription":"2","startTime":"2022-08-02 18:06:10","duration":2,"sliceUrl":""},{"vehicleNumber":"1","vehicleModel":"洒水车","eventId":"","TriggerType":"1","eventTime":"2022-08-28 16:35:42","eventType":"1","eventDescription":"0210","startTime":"2022-08-17 16:35:55","duration":1,"sliceUrl":""}]
{c0ba890989ef0c1785ad5049af07bed7} [{"eventId":"","eventTime":"2022-07-25 18:06:04","eventType":"2","eventDescription":"2","startTime":"2022-08-02 18:06:10","duration":2,"sliceUrl":"","TriggerType":"2","vehicleNumber":"2","vehicleModel":"清扫车"},{"eventId":"","eventTime":"2022-08-28 16:35:42","eventType":"1","eventDescription":"0210","startTime":"2022-08-17 16:35:55","duration":1,"sliceUrl":"","TriggerType":"1","vehicleNumber":"1","vehicleModel":"洒水车"}]
{14fda68df6ef0c17905dae7a87e0d865} [{"eventId":"","eventTime":"2022-07-25 18:06:04","eventType":"2","eventDescription":"2","startTime":"2022-08-02 18:06:10","duration":2,"sliceUrl":"","TriggerType":"2","vehicleNumber":"2","vehicleModel":"清扫车"},{"eventId":"","eventTime":"2022-08-28 16:35:42","eventType":"1","eventDescription":"0210","startTime":"2022-08-17 16:35:55","duration":1,"sliceUrl":"","TriggerType":"1","vehicleNumber":"1","vehicleModel":"洒水车"}]
{ac55cec406f00c17d85999487b59bcfe} [{"eventId":"2","eventTime":"2022-07-25 18:06:04","eventType":"2","eventDescription":"2","startTime":"2022-08-02 18:06:10","duration":2,"sliceUrl":"","TriggerType":"2","vehicleNumber":"2","vehicleModel":"清扫车"},{"eventId":"1","eventTime":"2022-08-28 16:35:42","eventType":"1","eventDescription":"0210","startTime":"2022-08-17 16:35:55","duration":1,"sliceUrl":"","TriggerType":"1","vehicleNumber":"1","vehicleModel":"洒水车"}]
{9016cb6c0df00c17d21f41789a6c3034} [{"eventId":"2","eventTime":"2022-07-25 18:06:04","eventType":"2","eventDescription":"2","startTime":"2022-08-02 18:06:10","duration":2,"sliceUrl":"966","TriggerType":"2","vehicleNumber":"2","vehicleModel":"清扫车"},{"eventId":"1","eventTime":"2022-08-28 16:35:42","eventType":"1","eventDescription":"0210","startTime":"2022-08-17 16:35:55","duration":1,"sliceUrl":"857","TriggerType":"1","vehicleNumber":"1","vehicleModel":"洒水车"}]
{405a14bc2bf00c17a8827b35d952731a} [{"eventId":"2","eventTime":"2022-07-25 18:06:04","eventType":"2","eventDescription":"2","startTime":"2022-08-02 18:06:10","duration":2,"sliceUrl":"966","TriggerType":"2","vehicleNumber":"2","vehicleModel":"清扫车"},{"eventId":"1","eventTime":"2022-08-28 16:35:42","eventType":"1","eventDescription":"0210","startTime":"2022-08-17 16:35:55","duration":1,"sliceUrl":"857","TriggerType":"1","vehicleNumber":"1","vehicleModel":"洒水车"}]
2022-08-20 11:33:53.327 {405a14bc2bf00c17a8827b35d952731a} [{"eventId":"2","eventTime":"2022-07-25 18:06:04","eventType":"2","eventDescription":"2","startTime":"2022-08-02 18:06:10","duration":2,"sliceUrl":"966","TriggerType":"2","vehicleNumber":"2","vehicleModel":"清扫车"},{"eventId":"1","eventTime":"2022-08-28 16:35:42","eventType":"1","eventDescription":"0210","startTime":"2022-08-17 16:35:55","duration":1,"sliceUrl":"857","TriggerType":"1","vehicleNumber":"1","vehicleModel":"洒水车"}]
{54a8be5b39f00c179def55434adaf49e} [{"eventId":"2","eventTime":"2022-07-25 18:06:04","eventType":"2","eventDescription":"2","startTime":"2022-08-02 18:06:10","duration":2,"sliceUrl":"966","TriggerType":"2","vehicleNumber":"2","vehicleModel":"清扫车"},{"eventId":"1","eventTime":"2022-08-28 16:35:42","eventType":"1","eventDescription":"0210","startTime":"2022-08-17 16:35:55","duration":1,"sliceUrl":"857","TriggerType":"1","vehicleNumber":"1","vehicleModel":"洒水车"}]
2022-08-20 11:34:51.836 {54a8be5b39f00c179def55434adaf49e} [{"eventId":"2","eventTime":"2022-07-25 18:06:04","eventType":"2","eventDescription":"2","startTime":"2022-08-02 18:06:10","duration":2,"sliceUrl":"966","TriggerType":"2","vehicleNumber":"2","vehicleModel":"清扫车"},{"eventId":"1","eventTime":"2022-08-28 16:35:42","eventType":"1","eventDescription":"0210","startTime":"2022-08-17 16:35:55","duration":1,"sliceUrl":"857","TriggerType":"1","vehicleNumber":"1","vehicleModel":"洒水车"}]
{6410d6e240f00c1718085d1e321d4c28} [{"eventId":"2","eventTime":"2022-07-25 18:06:04","eventType":"2","eventDescription":"2","startTime":"2022-08-02 18:06:10","duration":2,"sliceUrl":"966","TriggerType":"2","vehicleNumber":"2","vehicleModel":"清扫车"},{"eventId":"1","eventTime":"2022-08-28 16:35:42","eventType":"1","eventDescription":"0210","startTime":"2022-08-17 16:35:55","duration":1,"sliceUrl":"857","TriggerType":"1","vehicleNumber":"1","vehicleModel":"洒水车"}]
{1c3299f081f00c1771cb4b3e74d7f441} [{"eventId":"2","eventTime":"2022-07-25 18:06:04","eventType":"2","eventDescription":"2","startTime":"2022-08-02 18:06:10","duration":2,"sliceUrl":"966","TriggerType":"2","vehicleNumber":"2","vehicleModel":"清扫车"},{"eventId":"1","eventTime":"2022-08-28 16:35:42","eventType":"1","eventDescription":"0210","startTime":"2022-08-17 16:35:55","duration":1,"sliceUrl":"857","TriggerType":"1","vehicleNumber":"1","vehicleModel":"洒水车"}]
{58b4d3428cf00c17f1fa721b4b864409} [{"eventId":"2","eventTime":"2022-07-25 18:06:04","eventType":"2","eventDescription":"2","startTime":"2022-08-02 18:06:10","duration":2,"sliceUrl":"966","TriggerType":"2","vehicleNumber":"2","vehicleModel":"清扫车"},{"eventId":"1","eventTime":"2022-08-28 16:35:42","eventType":"1","eventDescription":"0210","startTime":"2022-08-17 16:35:55","duration":1,"sliceUrl":"857","TriggerType":"1","vehicleNumber":"1","vehicleModel":"洒水车"}]
2022-08-20 11:40:47.941 {58b4d3428cf00c17f1fa721b4b864409} [{"eventId":"2","eventTime":"2022-07-25 18:06:04","eventType":"2","eventDescription":"2","startTime":"2022-08-02 18:06:10","duration":2,"sliceUrl":"966","TriggerType":"2","vehicleNumber":"2","vehicleModel":"清扫车"},{"eventId":"1","eventTime":"2022-08-28 16:35:42","eventType":"1","eventDescription":"0210","startTime":"2022-08-17 16:35:55","duration":1,"sliceUrl":"857","TriggerType":"1","vehicleNumber":"1","vehicleModel":"洒水车"}]
{284e96b295f00c17223784063e7bf295} [{"eventId":"2","eventTime":"2022-07-25 18:06:04","eventType":"2","eventDescription":"2","startTime":"2022-08-02 18:06:10","duration":2,"sliceUrl":"966","TriggerType":"2","vehicleNumber":"2","vehicleModel":"清扫车"},{"eventId":"1","eventTime":"2022-08-28 16:35:42","eventType":"1","eventDescription":"0210","startTime":"2022-08-17 16:35:55","duration":1,"sliceUrl":"857","TriggerType":"1","vehicleNumber":"1","vehicleModel":"洒水车"}]
2022-08-20 11:41:28.422 {284e96b295f00c17223784063e7bf295} [{"eventId":"2","eventTime":"2022-07-25 18:06:04","eventType":"2","eventDescription":"2","startTime":"2022-08-02 18:06:10","duration":2,"sliceUrl":"966","TriggerType":"2","vehicleNumber":"2","vehicleModel":"清扫车"},{"eventId":"1","eventTime":"2022-08-28 16:35:42","eventType":"1","eventDescription":"0210","startTime":"2022-08-17 16:35:55","duration":1,"sliceUrl":"857","TriggerType":"1","vehicleNumber":"1","vehicleModel":"洒水车"}]
{b0cb98b6a7f00c17010fad3f91a3a186} [{"eventId":"2","eventTime":"2022-07-25 18:06:04","eventType":"2","eventDescription":"2","startTime":"2022-08-02 18:06:10","duration":2,"sliceUrl":"966","TriggerType":"2","vehicleNumber":"2","vehicleModel":"清扫车"},{"eventId":"1","eventTime":"2022-08-28 16:35:42","eventType":"1","eventDescription":"0210","startTime":"2022-08-17 16:35:55","duration":1,"sliceUrl":"857","TriggerType":"1","vehicleNumber":"1","vehicleModel":"洒水车"}]
2022-08-20 11:42:45.786 {b0cb98b6a7f00c17010fad3f91a3a186} [{"eventId":"2","eventTime":"2022-07-25 18:06:04","eventType":"2","eventDescription":"2","startTime":"2022-08-02 18:06:10","duration":2,"sliceUrl":"966","TriggerType":"2","vehicleNumber":"2","vehicleModel":"清扫车"},{"eventId":"1","eventTime":"2022-08-28 16:35:42","eventType":"1","eventDescription":"0210","startTime":"2022-08-17 16:35:55","duration":1,"sliceUrl":"857","TriggerType":"1","vehicleNumber":"1","vehicleModel":"洒水车"}]
{089a2329acf00c1792209e3ffd412425} [{"eventId":"2","eventTime":"2022-07-25 18:06:04","eventType":"2","eventDescription":"2","startTime":"2022-08-02 18:06:10","duration":2,"sliceUrl":"966","TriggerType":"2","vehicleNumber":"2","vehicleModel":"清扫车"},{"eventId":"1","eventTime":"2022-08-28 16:35:42","eventType":"1","eventDescription":"0210","startTime":"2022-08-17 16:35:55","duration":1,"sliceUrl":"857","TriggerType":"1","vehicleNumber":"1","vehicleModel":"洒水车"}]
2022-08-20 11:43:04.895 {089a2329acf00c1792209e3ffd412425} [{"eventId":"2","eventTime":"2022-07-25 18:06:04","eventType":"2","eventDescription":"2","startTime":"2022-08-02 18:06:10","duration":2,"sliceUrl":"966","TriggerType":"2","vehicleNumber":"2","vehicleModel":"清扫车"},{"eventId":"1","eventTime":"2022-08-28 16:35:42","eventType":"1","eventDescription":"0210","startTime":"2022-08-17 16:35:55","duration":1,"sliceUrl":"857","TriggerType":"1","vehicleNumber":"1","vehicleModel":"洒水车"}]
{d46cabf5c2f00c1751add5120fa33bdf} [{"eventId":"2","eventTime":"2022-07-25 18:06:04","eventType":"2","eventDescription":"2","startTime":"2022-08-02 18:06:10","duration":2,"sliceUrl":"966","TriggerType":"2","vehicleNumber":"2","vehicleModel":"清扫车"},{"eventId":"1","eventTime":"2022-08-28 16:35:42","eventType":"1","eventDescription":"0210","startTime":"2022-08-17 16:35:55","duration":1,"sliceUrl":"857","TriggerType":"1","vehicleNumber":"1","vehicleModel":"洒水车"}]
2022-08-20 11:44:42.826 {d46cabf5c2f00c1751add5120fa33bdf} {"eventlist":[{"eventId":"2","eventTime":"2022-07-25 18:06:04","eventType":"2","eventDescription":"2","startTime":"2022-08-02 18:06:10","duration":2,"sliceUrl":"966","TriggerType":"2","vehicleNumber":"2","vehicleModel":"清扫车"},{"eventId":"1","eventTime":"2022-08-28 16:35:42","eventType":"1","eventDescription":"0210","startTime":"2022-08-17 16:35:55","duration":1,"sliceUrl":"857","TriggerType":"1","vehicleNumber":"1","vehicleModel":"洒水车"}],"currentPage":0,"Total":0}
2022-08-20 11:44:42.828 {d46cabf5c2f00c1751add5120fa33bdf} [{"eventId":"2","eventTime":"2022-07-25 18:06:04","eventType":"2","eventDescription":"2","startTime":"2022-08-02 18:06:10","duration":2,"sliceUrl":"966","TriggerType":"2","vehicleNumber":"2","vehicleModel":"清扫车"},{"eventId":"1","eventTime":"2022-08-28 16:35:42","eventType":"1","eventDescription":"0210","startTime":"2022-08-17 16:35:55","duration":1,"sliceUrl":"857","TriggerType":"1","vehicleNumber":"1","vehicleModel":"洒水车"}]
2022-08-20 11:57:03.646 {1862d8736ff10c17d6c7ca20cf21d036} Error 1364: Field 'event_time' doesn't have a default value, INSERT INTO `eventsmall`(`eventId`) VALUES(6666) 
2022-08-20 13:33:30.145 {305049b9b2f60c174249843b8e9327b4}
2022-08-20 13:56:58.803 {58fff2b2faf70c1766d8b313b39b32dc}
2022-08-20 14:16:48.655 {789e23bc0ff90c17b0f23b5e47c6edd0} Error 1062: Duplicate entry '6666' for key 'eventsmall.PRIMARY', INSERT INTO `eventsmall`(`eventId`) VALUES(6666) 
2022-08-20 14:17:53.688 {882dc4e01ef90c171e00a07a032e0e12}
2022-08-20 14:21:04.311 {a8727ae729f90c178ae88b0bb538dcc2} {     "token": "0x12345678",     "id": 1,     "data": {         "vehicle_number": "001",         "vehicle_modle": "X3S",         "vehicle_frame_number":"xxx",         "vehicle_usage":"",         "name": "hehe",         "softs": "hmi",         "versions": "1.0.2"     } }
2022-08-20 14:21:04.312 {a8727ae729f90c178ae88b0bb538dcc2} OnConnection, client addr =  172.28.9.65:54759 , Vechicle name =  001
2022-08-20 14:21:10.234 {a8727ae729f90c178ae88b0bb538dcc2} {     "token": "0x12345678",     "id": "52",     "data": {         "task_id": "xxx",         "vehicle_number": "001",         "vehicle_model": "X3S",         "success": true,         "slice_name": "yy-mm-dd_hh-mm-ss.7z",         "slice_size": 102400,         "slice_md5": "123456",         "slice_url": "httpxxx",         "slice_info": [             {                 "event_time": "yy-mm-dd_hh-mm-ss",                 "trigger_type": "自动",                 "event_type": "超车",                 "event_description": "低级别风险",                 "start_time": 123456,                 "duration": 20             }         ]     } }
2022-08-20 14:21:10.235 [ERRO] {a8727ae729f90c178ae88b0bb538dcc2} OnMessage unknown message
Stack:
1.  promise/internal/cmd.glob..func2.1
    D:/work/promise/promise/internal/cmd/cmd.go:63
2.  github.com/gogf/gf/v2/net/ghttp.(*middleware).callHandlerFunc.func1
    C:/Users/cowa/go/pkg/mod/github.com/gogf/gf/v2@v2.1.0-rc4/net/ghttp/ghttp_request_middleware.go:130
3.  github.com/gogf/gf/v2/net/ghttp.niceCallFunc
    C:/Users/cowa/go/pkg/mod/github.com/gogf/gf/v2@v2.1.0-rc4/net/ghttp/ghttp_func.go:55
4.  github.com/gogf/gf/v2/net/ghttp.(*middleware).callHandlerFunc
    C:/Users/cowa/go/pkg/mod/github.com/gogf/gf/v2@v2.1.0-rc4/net/ghttp/ghttp_request_middleware.go:128
5.  github.com/gogf/gf/v2/net/ghttp.(*middleware).Next.func1.4
    C:/Users/cowa/go/pkg/mod/github.com/gogf/gf/v2@v2.1.0-rc4/net/ghttp/ghttp_request_middleware.go:89
6.  github.com/gogf/gf/v2/net/ghttp.niceCallFunc
    C:/Users/cowa/go/pkg/mod/github.com/gogf/gf/v2@v2.1.0-rc4/net/ghttp/ghttp_func.go:55
7.  github.com/gogf/gf/v2/net/ghttp.(*middleware).Next.func1
    C:/Users/cowa/go/pkg/mod/github.com/gogf/gf/v2@v2.1.0-rc4/net/ghttp/ghttp_request_middleware.go:88
8.  github.com/gogf/gf/v2/util/gutil.TryCatch
    C:/Users/cowa/go/pkg/mod/github.com/gogf/gf/v2@v2.1.0-rc4/util/gutil/gutil.go:55
9.  github.com/gogf/gf/v2/net/ghttp.(*middleware).Next
    C:/Users/cowa/go/pkg/mod/github.com/gogf/gf/v2@v2.1.0-rc4/net/ghttp/ghttp_request_middleware.go:48
10. github.com/gogf/gf/v2/net/ghttp.internalMiddlewareServerTracing
    C:/Users/cowa/go/pkg/mod/github.com/gogf/gf/v2@v2.1.0-rc4/net/ghttp/ghttp_middleware_tracing.go:78
11. github.com/gogf/gf/v2/net/ghttp.(*middleware).Next.func1.5
    C:/Users/cowa/go/pkg/mod/github.com/gogf/gf/v2@v2.1.0-rc4/net/ghttp/ghttp_request_middleware.go:95
12. github.com/gogf/gf/v2/net/ghttp.niceCallFunc
    C:/Users/cowa/go/pkg/mod/github.com/gogf/gf/v2@v2.1.0-rc4/net/ghttp/ghttp_func.go:55
13. github.com/gogf/gf/v2/net/ghttp.(*middleware).Next.func1
    C:/Users/cowa/go/pkg/mod/github.com/gogf/gf/v2@v2.1.0-rc4/net/ghttp/ghttp_request_middleware.go:94
14. github.com/gogf/gf/v2/util/gutil.TryCatch
    C:/Users/cowa/go/pkg/mod/github.com/gogf/gf/v2@v2.1.0-rc4/util/gutil/gutil.go:55
15. github.com/gogf/gf/v2/net/ghttp.(*middleware).Next
    C:/Users/cowa/go/pkg/mod/github.com/gogf/gf/v2@v2.1.0-rc4/net/ghttp/ghttp_request_middleware.go:48
16. github.com/gogf/gf/v2/net/ghttp.(*Server).ServeHTTP
    C:/Users/cowa/go/pkg/mod/github.com/gogf/gf/v2@v2.1.0-rc4/net/ghttp/ghttp_server_handler.go:121

2022-08-20 14:21:27.183 {a8727ae729f90c178ae88b0bb538dcc2} {     "token": "0x12345678",     "id": "80",     "data": {         "task_id": "xxx",         "vehicle_number": "001",         "vehicle_model": "X3S",         "success": true,         "slice_name": "yy-mm-dd_hh-mm-ss.7z",         "slice_size": 102400,         "slice_md5": "123456",         "slice_url": "httpxxx",         "slice_info": [             {                 "event_time": "yy-mm-dd_hh-mm-ss",                 "trigger_type": "自动",                 "event_type": "超车",                 "event_description": "低级别风险",                 "start_time": 123456,                 "duration": 20             }         ]     } }
2022-08-20 14:21:27.183 {a8727ae729f90c178ae88b0bb538dcc2} slice_size 102400
2022-08-20 14:21:27.184 {a8727ae729f90c178ae88b0bb538dcc2} slice_url httpxxx
2022-08-20 14:21:27.184 {a8727ae729f90c178ae88b0bb538dcc2} vehicle_model X3S
2022-08-20 14:21:27.184 {a8727ae729f90c178ae88b0bb538dcc2} success true
2022-08-20 14:21:27.184 {a8727ae729f90c178ae88b0bb538dcc2} slice_name yy-mm-dd_hh-mm-ss.7z
2022-08-20 14:21:27.184 {a8727ae729f90c178ae88b0bb538dcc2} slice_md5 123456
2022-08-20 14:21:27.184 {a8727ae729f90c178ae88b0bb538dcc2} slice_info [{"duration":20,"event_description":"低级别风险","event_time":"yy-mm-dd_hh-mm-ss","event_type":"超车","start_time":123456,"trigger_type":"自动"}]
2022-08-20 14:21:27.185 {a8727ae729f90c178ae88b0bb538dcc2} task_id xxx
2022-08-20 14:21:27.185 {a8727ae729f90c178ae88b0bb538dcc2} vehicle_number 001
2022-08-20 14:21:27.185 {a8727ae729f90c178ae88b0bb538dcc2} {"eventId":"","eventTime":"1970-01-01 08:00:00","eventType":"超车","eventDescription":"低级别风险","startTime":"1970-01-01 08:02:03","duration":20,"sliceUrl":"","TriggerType":"自动","vehicleNumber":"001","vehicleModel":"X3S"}
2022-08-20 14:21:27.316 {a8727ae729f90c178ae88b0bb538dcc2}
2022-08-20 14:21:27.316 {a8727ae729f90c178ae88b0bb538dcc2} 0xc0000681e0
{8061fad9a4f90c178de88b0bbc612634} [{"eventId":"6666","eventTime":"","eventType":"","eventDescription":"","startTime":"","duration":0,"sliceUrl":"","TriggerType":"","vehicleNumber":"","vehicleModel":""},{"eventId":"778412","eventTime":"","eventType":"碰撞","eventDescription":"0","startTime":"","duration":10,"sliceUrl":"","TriggerType":"人为触发","vehicleNumber":"325","vehicleModel":""},{"eventId":"8989","eventTime":"","eventType":"超车","eventDescription":"0","startTime":"","duration":10,"sliceUrl":"","TriggerType":"人为触发","vehicleNumber":"325","vehicleModel":""},{"eventId":"","eventTime":"1970-01-01 00:00:00","eventType":"超车","eventDescription":"低级别风险","startTime":"1970-01-01 00:02:03","duration":20,"sliceUrl":"","TriggerType":"自动","vehicleNumber":"001","vehicleModel":"X3S"},{"eventId":"2","eventTime":"2022-07-25 18:06:04","eventType":"2","eventDescription":"2","startTime":"2022-08-02 18:06:10","duration":2,"sliceUrl":"966","TriggerType":"2","vehicleNumber":"2","vehicleModel":"清扫车"},{"eventId":"1","eventTime":"2022-08-28 16:35:42","eventType":"1","eventDescription":"0210","startTime":"2022-08-17 16:35:55","duration":1,"sliceUrl":"857","TriggerType":"1","vehicleNumber":"1","vehicleModel":"洒水车"}]
2022-08-20 14:27:29.057 {8061fad9a4f90c178de88b0bbc612634} [{"eventId":"6666","eventTime":"","eventType":"","eventDescription":"","startTime":"","duration":0,"sliceUrl":"","TriggerType":"","vehicleNumber":"","vehicleModel":""},{"eventId":"778412","eventTime":"","eventType":"碰撞","eventDescription":"0","startTime":"","duration":10,"sliceUrl":"","TriggerType":"人为触发","vehicleNumber":"325","vehicleModel":""},{"eventId":"8989","eventTime":"","eventType":"超车","eventDescription":"0","startTime":"","duration":10,"sliceUrl":"","TriggerType":"人为触发","vehicleNumber":"325","vehicleModel":""},{"eventId":"","eventTime":"1970-01-01 00:00:00","eventType":"超车","eventDescription":"低级别风险","startTime":"1970-01-01 00:02:03","duration":20,"sliceUrl":"","TriggerType":"自动","vehicleNumber":"001","vehicleModel":"X3S"},{"eventId":"2","eventTime":"2022-07-25 18:06:04","eventType":"2","eventDescription":"2","startTime":"2022-08-02 18:06:10","duration":2,"sliceUrl":"966","TriggerType":"2","vehicleNumber":"2","vehicleModel":"清扫车"},{"eventId":"1","eventTime":"2022-08-28 16:35:42","eventType":"1","eventDescription":"0210","startTime":"2022-08-17 16:35:55","duration":1,"sliceUrl":"857","TriggerType":"1","vehicleNumber":"1","vehicleModel":"洒水车"}]
2022-08-20 14:36:54.009 {44fadd7824fa0c17d6eaf0339cdc9308} {     "token": "0x12345678",     "id": 1,     "data": {         "vehicle_number": "001",         "vehicle_modle": "X3S",         "vehicle_frame_number":"xxx",         "vehicle_usage":"",         "name": "hehe",         "softs": "hmi",         "versions": "1.0.2"     } }
2022-08-20 14:36:54.011 {44fadd7824fa0c17d6eaf0339cdc9308} OnConnection, client addr =  172.28.9.65:55421 , Vechicle name =  001
2022-08-20 14:36:59.349 {44fadd7824fa0c17d6eaf0339cdc9308} {     "token": "0x12345678",     "id": "80",     "data": {         "task_id": "xxx",         "vehicle_number": "001",         "vehicle_model": "X3S",         "success": true,         "slice_name": "yy-mm-dd_hh-mm-ss.7z",         "slice_size": 102400,         "slice_md5": "123456",         "slice_url": "httpxxx",         "slice_info": [             {                 "event_time": "yy-mm-dd_hh-mm-ss",                 "trigger_type": "自动",                 "event_type": "超车",                 "event_description": "低级别风险",                 "start_time": 123456,                 "duration": 20             }         ]     } }
2022-08-20 14:36:59.350 {44fadd7824fa0c17d6eaf0339cdc9308} task_id xxx
2022-08-20 14:36:59.350 {44fadd7824fa0c17d6eaf0339cdc9308} vehicle_model X3S
2022-08-20 14:36:59.350 {44fadd7824fa0c17d6eaf0339cdc9308} slice_name yy-mm-dd_hh-mm-ss.7z
2022-08-20 14:36:59.350 {44fadd7824fa0c17d6eaf0339cdc9308} slice_size 102400
2022-08-20 14:36:59.351 {44fadd7824fa0c17d6eaf0339cdc9308} slice_url httpxxx
2022-08-20 14:36:59.351 {44fadd7824fa0c17d6eaf0339cdc9308} vehicle_number 001
2022-08-20 14:36:59.351 {44fadd7824fa0c17d6eaf0339cdc9308} success true
2022-08-20 14:36:59.351 {44fadd7824fa0c17d6eaf0339cdc9308} slice_md5 123456
2022-08-20 14:36:59.351 {44fadd7824fa0c17d6eaf0339cdc9308} slice_info [{"duration":20,"event_description":"低级别风险","event_time":"yy-mm-dd_hh-mm-ss","event_type":"超车","start_time":123456,"trigger_type":"自动"}]
2022-08-20 14:36:59.352 {44fadd7824fa0c17d6eaf0339cdc9308} {"eventId":"","eventTime":"1970-01-01 08:00:00","eventType":"超车","eventDescription":"低级别风险","startTime":"1970-01-01 08:02:03","duration":20,"sliceUrl":"","TriggerType":"自动","vehicleNumber":"001","vehicleModel":"X3S"}
2022-08-20 14:36:59.463 {44fadd7824fa0c17d6eaf0339cdc9308} Error 1366: Incorrect integer value: '' for column 'eventId' at row 1, INSERT INTO `eventsmall`(`eventId`,`slice_url`,`event_description`,`start_time`,`trigger_type`,`duration`,`vehicle_number`,`event_time`,`vehicle_model`,`event_type`) VALUES('','','低级别风险','1970-01-01 08:02:03','自动',20,'001','1970-01-01 08:00:00','X3S','超车') 
2022-08-20 14:36:59.463 {44fadd7824fa0c17d6eaf0339cdc9308} 0xc000068360
2022-08-20 14:42:15.170 {888de56d69fa0c1745933466178506e9} {     "token": "0x12345678",     "id": 1,     "data": {         "vehicle_number": "001",         "vehicle_modle": "X3S",         "vehicle_frame_number":"xxx",         "vehicle_usage":"",         "name": "hehe",         "softs": "hmi",         "versions": "1.0.2"     } }
2022-08-20 14:42:15.171 {888de56d69fa0c1745933466178506e9} OnConnection, client addr =  172.28.9.65:55728 , Vechicle name =  001
2022-08-20 14:42:21.015 {888de56d69fa0c1745933466178506e9} {     "token": "0x12345678",     "id": "80",     "data": {         "task_id": "xxx",         "vehicle_number": "001",         "vehicle_model": "X3S",         "success": true,         "slice_name": "yy-mm-dd_hh-mm-ss.7z",         "slice_size": 102400,         "slice_md5": "123456",         "slice_url": "httpxxx",         "slice_info": [             {                 "event_time": "yy-mm-dd_hh-mm-ss",                 "trigger_type": "自动",                 "event_type": "超车",                 "event_description": "低级别风险",                 "start_time": 123456,                 "duration": 20             }         ]     } }
2022-08-20 14:42:21.016 {888de56d69fa0c1745933466178506e9} slice_name yy-mm-dd_hh-mm-ss.7z
2022-08-20 14:42:21.016 {888de56d69fa0c1745933466178506e9} slice_md5 123456
2022-08-20 14:42:21.016 {888de56d69fa0c1745933466178506e9} slice_url httpxxx
2022-08-20 14:42:21.016 {888de56d69fa0c1745933466178506e9} task_id xxx
2022-08-20 14:42:21.016 {888de56d69fa0c1745933466178506e9} vehicle_number 001
2022-08-20 14:42:21.017 {888de56d69fa0c1745933466178506e9} success true
2022-08-20 14:42:21.017 {888de56d69fa0c1745933466178506e9} vehicle_model X3S
2022-08-20 14:42:21.017 {888de56d69fa0c1745933466178506e9} slice_size 102400
2022-08-20 14:42:21.017 {888de56d69fa0c1745933466178506e9} slice_info [{"duration":20,"event_description":"低级别风险","event_time":"yy-mm-dd_hh-mm-ss","event_type":"超车","start_time":123456,"trigger_type":"自动"}]
2022-08-20 14:42:21.017 {888de56d69fa0c1745933466178506e9} {"eventId":0,"eventTime":"1970-01-01 08:00:00","eventType":"超车","eventDescription":"低级别风险","startTime":"1970-01-01 08:02:03","duration":20,"sliceUrl":"","TriggerType":"自动","vehicleNumber":"001","vehicleModel":"X3S"}
2022-08-20 14:42:21.136 {888de56d69fa0c1745933466178506e9}
2022-08-20 14:42:21.137 {888de56d69fa0c1745933466178506e9} 0xc000068360
