2022-08-18 17:09:15.978 [ERRO] {10d4418111650c176958d1569b92babf} invalid character 'x' after object key:value pair
Stack:
1.  promise/internal/cmd.glob..func2.1
    D:/work/promise/promise/internal/cmd/cmd.go:61
2.  github.com/gogf/gf/v2/net/ghttp.(*middleware).callHandlerFunc.func1
    C:/Users/cowa/go/pkg/mod/github.com/gogf/gf/v2@v2.1.0-rc4/net/ghttp/ghttp_request_middleware.go:130
3.  github.com/gogf/gf/v2/net/ghttp.niceCallFunc
    C:/Users/cowa/go/pkg/mod/github.com/gogf/gf/v2@v2.1.0-rc4/net/ghttp/ghttp_func.go:55
4.  github.com/gogf/gf/v2/net/ghttp.(*middleware).callHandlerFunc
    C:/Users/cowa/go/pkg/mod/github.com/gogf/gf/v2@v2.1.0-rc4/net/ghttp/ghttp_request_middleware.go:128
5.  github.com/gogf/gf/v2/net/ghttp.(*middleware).Next.func1.4
    C:/Users/cowa/go/pkg/mod/github.com/gogf/gf/v2@v2.1.0-rc4/net/ghttp/ghttp_request_middleware.go:89
6.  github.com/gogf/gf/v2/net/ghttp.niceCallFunc
    C:/Users/cowa/go/pkg/mod/github.com/gogf/gf/v2@v2.1.0-rc4/net/ghttp/ghttp_func.go:55
7.  github.com/gogf/gf/v2/net/ghttp.(*middleware).Next.func1
    C:/Users/cowa/go/pkg/mod/github.com/gogf/gf/v2@v2.1.0-rc4/net/ghttp/ghttp_request_middleware.go:88
8.  github.com/gogf/gf/v2/util/gutil.TryCatch
    C:/Users/cowa/go/pkg/mod/github.com/gogf/gf/v2@v2.1.0-rc4/util/gutil/gutil.go:55
9.  github.com/gogf/gf/v2/net/ghttp.(*middleware).Next
    C:/Users/cowa/go/pkg/mod/github.com/gogf/gf/v2@v2.1.0-rc4/net/ghttp/ghttp_request_middleware.go:48
10. github.com/gogf/gf/v2/net/ghttp.internalMiddlewareServerTracing
    C:/Users/cowa/go/pkg/mod/github.com/gogf/gf/v2@v2.1.0-rc4/net/ghttp/ghttp_middleware_tracing.go:78
11. github.com/gogf/gf/v2/net/ghttp.(*middleware).Next.func1.5
    C:/Users/cowa/go/pkg/mod/github.com/gogf/gf/v2@v2.1.0-rc4/net/ghttp/ghttp_request_middleware.go:95
12. github.com/gogf/gf/v2/net/ghttp.niceCallFunc
    C:/Users/cowa/go/pkg/mod/github.com/gogf/gf/v2@v2.1.0-rc4/net/ghttp/ghttp_func.go:55
13. github.com/gogf/gf/v2/net/ghttp.(*middleware).Next.func1
    C:/Users/cowa/go/pkg/mod/github.com/gogf/gf/v2@v2.1.0-rc4/net/ghttp/ghttp_request_middleware.go:94
14. github.com/gogf/gf/v2/util/gutil.TryCatch
    C:/Users/cowa/go/pkg/mod/github.com/gogf/gf/v2@v2.1.0-rc4/util/gutil/gutil.go:55
15. github.com/gogf/gf/v2/net/ghttp.(*middleware).Next
    C:/Users/cowa/go/pkg/mod/github.com/gogf/gf/v2@v2.1.0-rc4/net/ghttp/ghttp_request_middleware.go:48
16. github.com/gogf/gf/v2/net/ghttp.(*Server).ServeHTTP
    C:/Users/cowa/go/pkg/mod/github.com/gogf/gf/v2@v2.1.0-rc4/net/ghttp/ghttp_server_handler.go:121

2022-08-18 17:09:36.234 [ERRO] {10d4418111650c176958d1569b92babf} OnMessage unknown message
Stack:
1.  promise/internal/cmd.glob..func2.1
    D:/work/promise/promise/internal/cmd/cmd.go:61
2.  github.com/gogf/gf/v2/net/ghttp.(*middleware).callHandlerFunc.func1
    C:/Users/cowa/go/pkg/mod/github.com/gogf/gf/v2@v2.1.0-rc4/net/ghttp/ghttp_request_middleware.go:130
3.  github.com/gogf/gf/v2/net/ghttp.niceCallFunc
    C:/Users/cowa/go/pkg/mod/github.com/gogf/gf/v2@v2.1.0-rc4/net/ghttp/ghttp_func.go:55
4.  github.com/gogf/gf/v2/net/ghttp.(*middleware).callHandlerFunc
    C:/Users/cowa/go/pkg/mod/github.com/gogf/gf/v2@v2.1.0-rc4/net/ghttp/ghttp_request_middleware.go:128
5.  github.com/gogf/gf/v2/net/ghttp.(*middleware).Next.func1.4
    C:/Users/cowa/go/pkg/mod/github.com/gogf/gf/v2@v2.1.0-rc4/net/ghttp/ghttp_request_middleware.go:89
6.  github.com/gogf/gf/v2/net/ghttp.niceCallFunc
    C:/Users/cowa/go/pkg/mod/github.com/gogf/gf/v2@v2.1.0-rc4/net/ghttp/ghttp_func.go:55
7.  github.com/gogf/gf/v2/net/ghttp.(*middleware).Next.func1
    C:/Users/cowa/go/pkg/mod/github.com/gogf/gf/v2@v2.1.0-rc4/net/ghttp/ghttp_request_middleware.go:88
8.  github.com/gogf/gf/v2/util/gutil.TryCatch
    C:/Users/cowa/go/pkg/mod/github.com/gogf/gf/v2@v2.1.0-rc4/util/gutil/gutil.go:55
9.  github.com/gogf/gf/v2/net/ghttp.(*middleware).Next
    C:/Users/cowa/go/pkg/mod/github.com/gogf/gf/v2@v2.1.0-rc4/net/ghttp/ghttp_request_middleware.go:48
10. github.com/gogf/gf/v2/net/ghttp.internalMiddlewareServerTracing
    C:/Users/cowa/go/pkg/mod/github.com/gogf/gf/v2@v2.1.0-rc4/net/ghttp/ghttp_middleware_tracing.go:78
11. github.com/gogf/gf/v2/net/ghttp.(*middleware).Next.func1.5
    C:/Users/cowa/go/pkg/mod/github.com/gogf/gf/v2@v2.1.0-rc4/net/ghttp/ghttp_request_middleware.go:95
12. github.com/gogf/gf/v2/net/ghttp.niceCallFunc
    C:/Users/cowa/go/pkg/mod/github.com/gogf/gf/v2@v2.1.0-rc4/net/ghttp/ghttp_func.go:55
13. github.com/gogf/gf/v2/net/ghttp.(*middleware).Next.func1
    C:/Users/cowa/go/pkg/mod/github.com/gogf/gf/v2@v2.1.0-rc4/net/ghttp/ghttp_request_middleware.go:94
14. github.com/gogf/gf/v2/util/gutil.TryCatch
    C:/Users/cowa/go/pkg/mod/github.com/gogf/gf/v2@v2.1.0-rc4/util/gutil/gutil.go:55
15. github.com/gogf/gf/v2/net/ghttp.(*middleware).Next
    C:/Users/cowa/go/pkg/mod/github.com/gogf/gf/v2@v2.1.0-rc4/net/ghttp/ghttp_request_middleware.go:48
16. github.com/gogf/gf/v2/net/ghttp.(*Server).ServeHTTP
    C:/Users/cowa/go/pkg/mod/github.com/gogf/gf/v2@v2.1.0-rc4/net/ghttp/ghttp_server_handler.go:121

2022-08-18 17:09:38.730 [ERRO] {10d4418111650c176958d1569b92babf} OnMessage unknown message
Stack:
1.  promise/internal/cmd.glob..func2.1
    D:/work/promise/promise/internal/cmd/cmd.go:61
2.  github.com/gogf/gf/v2/net/ghttp.(*middleware).callHandlerFunc.func1
    C:/Users/cowa/go/pkg/mod/github.com/gogf/gf/v2@v2.1.0-rc4/net/ghttp/ghttp_request_middleware.go:130
3.  github.com/gogf/gf/v2/net/ghttp.niceCallFunc
    C:/Users/cowa/go/pkg/mod/github.com/gogf/gf/v2@v2.1.0-rc4/net/ghttp/ghttp_func.go:55
4.  github.com/gogf/gf/v2/net/ghttp.(*middleware).callHandlerFunc
    C:/Users/cowa/go/pkg/mod/github.com/gogf/gf/v2@v2.1.0-rc4/net/ghttp/ghttp_request_middleware.go:128
5.  github.com/gogf/gf/v2/net/ghttp.(*middleware).Next.func1.4
    C:/Users/cowa/go/pkg/mod/github.com/gogf/gf/v2@v2.1.0-rc4/net/ghttp/ghttp_request_middleware.go:89
6.  github.com/gogf/gf/v2/net/ghttp.niceCallFunc
    C:/Users/cowa/go/pkg/mod/github.com/gogf/gf/v2@v2.1.0-rc4/net/ghttp/ghttp_func.go:55
7.  github.com/gogf/gf/v2/net/ghttp.(*middleware).Next.func1
    C:/Users/cowa/go/pkg/mod/github.com/gogf/gf/v2@v2.1.0-rc4/net/ghttp/ghttp_request_middleware.go:88
8.  github.com/gogf/gf/v2/util/gutil.TryCatch
    C:/Users/cowa/go/pkg/mod/github.com/gogf/gf/v2@v2.1.0-rc4/util/gutil/gutil.go:55
9.  github.com/gogf/gf/v2/net/ghttp.(*middleware).Next
    C:/Users/cowa/go/pkg/mod/github.com/gogf/gf/v2@v2.1.0-rc4/net/ghttp/ghttp_request_middleware.go:48
10. github.com/gogf/gf/v2/net/ghttp.internalMiddlewareServerTracing
    C:/Users/cowa/go/pkg/mod/github.com/gogf/gf/v2@v2.1.0-rc4/net/ghttp/ghttp_middleware_tracing.go:78
11. github.com/gogf/gf/v2/net/ghttp.(*middleware).Next.func1.5
    C:/Users/cowa/go/pkg/mod/github.com/gogf/gf/v2@v2.1.0-rc4/net/ghttp/ghttp_request_middleware.go:95
12. github.com/gogf/gf/v2/net/ghttp.niceCallFunc
    C:/Users/cowa/go/pkg/mod/github.com/gogf/gf/v2@v2.1.0-rc4/net/ghttp/ghttp_func.go:55
13. github.com/gogf/gf/v2/net/ghttp.(*middleware).Next.func1
    C:/Users/cowa/go/pkg/mod/github.com/gogf/gf/v2@v2.1.0-rc4/net/ghttp/ghttp_request_middleware.go:94
14. github.com/gogf/gf/v2/util/gutil.TryCatch
    C:/Users/cowa/go/pkg/mod/github.com/gogf/gf/v2@v2.1.0-rc4/util/gutil/gutil.go:55
15. github.com/gogf/gf/v2/net/ghttp.(*middleware).Next
    C:/Users/cowa/go/pkg/mod/github.com/gogf/gf/v2@v2.1.0-rc4/net/ghttp/ghttp_request_middleware.go:48
16. github.com/gogf/gf/v2/net/ghttp.(*Server).ServeHTTP
    C:/Users/cowa/go/pkg/mod/github.com/gogf/gf/v2@v2.1.0-rc4/net/ghttp/ghttp_server_handler.go:121

2022-08-18 17:10:42.915 [ERRO] {10d4418111650c176958d1569b92babf} OnMessage format error
Stack:
1.  promise/internal/cmd.glob..func2.1
    D:/work/promise/promise/internal/cmd/cmd.go:61
2.  github.com/gogf/gf/v2/net/ghttp.(*middleware).callHandlerFunc.func1
    C:/Users/cowa/go/pkg/mod/github.com/gogf/gf/v2@v2.1.0-rc4/net/ghttp/ghttp_request_middleware.go:130
3.  github.com/gogf/gf/v2/net/ghttp.niceCallFunc
    C:/Users/cowa/go/pkg/mod/github.com/gogf/gf/v2@v2.1.0-rc4/net/ghttp/ghttp_func.go:55
4.  github.com/gogf/gf/v2/net/ghttp.(*middleware).callHandlerFunc
    C:/Users/cowa/go/pkg/mod/github.com/gogf/gf/v2@v2.1.0-rc4/net/ghttp/ghttp_request_middleware.go:128
5.  github.com/gogf/gf/v2/net/ghttp.(*middleware).Next.func1.4
    C:/Users/cowa/go/pkg/mod/github.com/gogf/gf/v2@v2.1.0-rc4/net/ghttp/ghttp_request_middleware.go:89
6.  github.com/gogf/gf/v2/net/ghttp.niceCallFunc
    C:/Users/cowa/go/pkg/mod/github.com/gogf/gf/v2@v2.1.0-rc4/net/ghttp/ghttp_func.go:55
7.  github.com/gogf/gf/v2/net/ghttp.(*middleware).Next.func1
    C:/Users/cowa/go/pkg/mod/github.com/gogf/gf/v2@v2.1.0-rc4/net/ghttp/ghttp_request_middleware.go:88
8.  github.com/gogf/gf/v2/util/gutil.TryCatch
    C:/Users/cowa/go/pkg/mod/github.com/gogf/gf/v2@v2.1.0-rc4/util/gutil/gutil.go:55
9.  github.com/gogf/gf/v2/net/ghttp.(*middleware).Next
    C:/Users/cowa/go/pkg/mod/github.com/gogf/gf/v2@v2.1.0-rc4/net/ghttp/ghttp_request_middleware.go:48
10. github.com/gogf/gf/v2/net/ghttp.internalMiddlewareServerTracing
    C:/Users/cowa/go/pkg/mod/github.com/gogf/gf/v2@v2.1.0-rc4/net/ghttp/ghttp_middleware_tracing.go:78
11. github.com/gogf/gf/v2/net/ghttp.(*middleware).Next.func1.5
    C:/Users/cowa/go/pkg/mod/github.com/gogf/gf/v2@v2.1.0-rc4/net/ghttp/ghttp_request_middleware.go:95
12. github.com/gogf/gf/v2/net/ghttp.niceCallFunc
    C:/Users/cowa/go/pkg/mod/github.com/gogf/gf/v2@v2.1.0-rc4/net/ghttp/ghttp_func.go:55
13. github.com/gogf/gf/v2/net/ghttp.(*middleware).Next.func1
    C:/Users/cowa/go/pkg/mod/github.com/gogf/gf/v2@v2.1.0-rc4/net/ghttp/ghttp_request_middleware.go:94
14. github.com/gogf/gf/v2/util/gutil.TryCatch
    C:/Users/cowa/go/pkg/mod/github.com/gogf/gf/v2@v2.1.0-rc4/util/gutil/gutil.go:55
15. github.com/gogf/gf/v2/net/ghttp.(*middleware).Next
    C:/Users/cowa/go/pkg/mod/github.com/gogf/gf/v2@v2.1.0-rc4/net/ghttp/ghttp_request_middleware.go:48
16. github.com/gogf/gf/v2/net/ghttp.(*Server).ServeHTTP
    C:/Users/cowa/go/pkg/mod/github.com/gogf/gf/v2@v2.1.0-rc4/net/ghttp/ghttp_server_handler.go:121

2022-08-18 17:10:43.532 [ERRO] {10d4418111650c176958d1569b92babf} OnMessage format error
Stack:
1.  promise/internal/cmd.glob..func2.1
    D:/work/promise/promise/internal/cmd/cmd.go:61
2.  github.com/gogf/gf/v2/net/ghttp.(*middleware).callHandlerFunc.func1
    C:/Users/cowa/go/pkg/mod/github.com/gogf/gf/v2@v2.1.0-rc4/net/ghttp/ghttp_request_middleware.go:130
3.  github.com/gogf/gf/v2/net/ghttp.niceCallFunc
    C:/Users/cowa/go/pkg/mod/github.com/gogf/gf/v2@v2.1.0-rc4/net/ghttp/ghttp_func.go:55
4.  github.com/gogf/gf/v2/net/ghttp.(*middleware).callHandlerFunc
    C:/Users/cowa/go/pkg/mod/github.com/gogf/gf/v2@v2.1.0-rc4/net/ghttp/ghttp_request_middleware.go:128
5.  github.com/gogf/gf/v2/net/ghttp.(*middleware).Next.func1.4
    C:/Users/cowa/go/pkg/mod/github.com/gogf/gf/v2@v2.1.0-rc4/net/ghttp/ghttp_request_middleware.go:89
6.  github.com/gogf/gf/v2/net/ghttp.niceCallFunc
    C:/Users/cowa/go/pkg/mod/github.com/gogf/gf/v2@v2.1.0-rc4/net/ghttp/ghttp_func.go:55
7.  github.com/gogf/gf/v2/net/ghttp.(*middleware).Next.func1
    C:/Users/cowa/go/pkg/mod/github.com/gogf/gf/v2@v2.1.0-rc4/net/ghttp/ghttp_request_middleware.go:88
8.  github.com/gogf/gf/v2/util/gutil.TryCatch
    C:/Users/cowa/go/pkg/mod/github.com/gogf/gf/v2@v2.1.0-rc4/util/gutil/gutil.go:55
9.  github.com/gogf/gf/v2/net/ghttp.(*middleware).Next
    C:/Users/cowa/go/pkg/mod/github.com/gogf/gf/v2@v2.1.0-rc4/net/ghttp/ghttp_request_middleware.go:48
10. github.com/gogf/gf/v2/net/ghttp.internalMiddlewareServerTracing
    C:/Users/cowa/go/pkg/mod/github.com/gogf/gf/v2@v2.1.0-rc4/net/ghttp/ghttp_middleware_tracing.go:78
11. github.com/gogf/gf/v2/net/ghttp.(*middleware).Next.func1.5
    C:/Users/cowa/go/pkg/mod/github.com/gogf/gf/v2@v2.1.0-rc4/net/ghttp/ghttp_request_middleware.go:95
12. github.com/gogf/gf/v2/net/ghttp.niceCallFunc
    C:/Users/cowa/go/pkg/mod/github.com/gogf/gf/v2@v2.1.0-rc4/net/ghttp/ghttp_func.go:55
13. github.com/gogf/gf/v2/net/ghttp.(*middleware).Next.func1
    C:/Users/cowa/go/pkg/mod/github.com/gogf/gf/v2@v2.1.0-rc4/net/ghttp/ghttp_request_middleware.go:94
14. github.com/gogf/gf/v2/util/gutil.TryCatch
    C:/Users/cowa/go/pkg/mod/github.com/gogf/gf/v2@v2.1.0-rc4/util/gutil/gutil.go:55
15. github.com/gogf/gf/v2/net/ghttp.(*middleware).Next
    C:/Users/cowa/go/pkg/mod/github.com/gogf/gf/v2@v2.1.0-rc4/net/ghttp/ghttp_request_middleware.go:48
16. github.com/gogf/gf/v2/net/ghttp.(*Server).ServeHTTP
    C:/Users/cowa/go/pkg/mod/github.com/gogf/gf/v2@v2.1.0-rc4/net/ghttp/ghttp_server_handler.go:121

